{"name": "Проработка строительного проекта", "status": "broken", "statusDetails": {"message": "selenium.common.exceptions.InvalidSelectorException: Message: invalid selector: An invalid or illegal selector was specified\n  (Session info: chrome=121.0.6167.140); For documentation on this error, please visit: https://www.selenium.dev/documentation/webdriver/troubleshooting/errors#invalid-selector-exception\nStacktrace:\n\tGetHandleVerifier [0x00F31673+52979]\n\t(No symbol) [0x00EB7961]\n\t(No symbol) [0x00D9DD3D]\n\t(No symbol) [0x00DA1F90]\n\t(No symbol) [0x00DA3AC2]\n\t(No symbol) [0x00DA3B50]\n\t(No symbol) [0x00DD5D19]\n\t(No symbol) [0x00DD60FB]\n\t(No symbol) [0x00E0CFCC]\n\t(No symbol) [0x00DF4534]\n\t(No symbol) [0x00E0B3FE]\n\t(No symbol) [0x00DF4286]\n\t(No symbol) [0x00DCC063]\n\t(No symbol) [0x00DCCECD]\n\tGetHandleVerifier [0x01248D83+3294723]\n\tGetHandleVerifier [0x01286CC2+3548482]\n\tGetHandleVerifier [0x01281C9C+3527964]\n\tGetHandleVerifier [0x00FC870E+671630]\n\t(No symbol) [0x00EC1EB4]\n\t(No symbol) [0x00EBD808]\n\t(No symbol) [0x00EBD92D]\n\t(No symbol) [0x00EAF7E0]\n\tBaseThreadInitThunk [0x75FFFCC9+25]\n\tRtlGetAppContainerNamedObjectPath [0x77637B1E+286]\n\tRtlGetAppContainerNamedObjectPath [0x77637AEE+238]", "trace": "driver = <selenium.webdriver.chrome.webdriver.WebDriver (session=\"6e3b2b3758f28b13be6638d34cf5a0ac\")>\n\n    @allure.feature('Форма создания строительного проекта B2C')\n    @allure.title('Проработка строительного проекта')\n    def test_end_2_end_project_b2c(driver):\n        UserLoginForm(driver).autorization_default()\n        driver.get('https://hermes-test.rt.ru/b2c/create_construction_project_show')\n        B2CCreateConstructionProjectShow(driver).selected_rf(49)\n        B2CCreateConstructionProjectShow(driver).selected_is_need_broad(1)\n        B2CCreateConstructionProjectShow(driver).selected_type_construct(1)\n        B2CCreateConstructionProjectShow(driver).selected_customer('111111111111', 0)\n        B2CCreateConstructionProjectShow(driver).enter_project_name('Автопрогон')\n        B2CCreateConstructionProjectShow(driver).add_address('Саратов', 'Авиастроителей')\n        B2CCreateConstructionProjectShow(driver).enter_dh_for_address(120)\n>       B2CCreateConstructionProjectShow(driver).enter_random_service_key()\n\ntest_end_2_end_project_b2c.py:21: \n_ _ _ _ _ _ _ _ _ _ _ _ _ _ _ _ _ _ _ _ _ _ _ _ _ _ _ _ _ _ _ _ _ _ _ _ _ _ _ _\n..\\..\\page_objects\\b2cCreateConstructionProjectShow.py:73: in enter_random_service_key\n    self.find_elements(css_selector=self._LOCATOR_CHECKBOX_MODAL_SERVICES_LIST)[random.randint(0, 5)].click()\n..\\..\\page_objects\\BasePage.py:34: in find_elements\n    return self._driver.find_elements(By.CSS_SELECTOR, css_selector)\n..\\..\\venv\\Lib\\site-packages\\selenium\\webdriver\\remote\\webdriver.py:771: in find_elements\n    return self.execute(Command.FIND_ELEMENTS, {\"using\": by, \"value\": value})[\"value\"] or []\n..\\..\\venv\\Lib\\site-packages\\selenium\\webdriver\\remote\\webdriver.py:347: in execute\n    self.error_handler.check_response(response)\n_ _ _ _ _ _ _ _ _ _ _ _ _ _ _ _ _ _ _ _ _ _ _ _ _ _ _ _ _ _ _ _ _ _ _ _ _ _ _ _\n\nself = <selenium.webdriver.remote.errorhandler.ErrorHandler object at 0x000001F7A194E1D0>\nresponse = {'status': 400, 'value': '{\"value\":{\"error\":\"invalid selector\",\"message\":\"invalid selector: An invalid or illegal sele...\\n\\\\tRtlGetAppContainerNamedObjectPath [0x77637B1E+286]\\\\n\\\\tRtlGetAppContainerNamedObjectPath [0x77637AEE+238]\\\\n\"}}'}\n\n    def check_response(self, response: Dict[str, Any]) -> None:\n        \"\"\"Checks that a JSON response from the WebDriver does not have an\n        error.\n    \n        :Args:\n         - response - The JSON response from the WebDriver server as a dictionary\n           object.\n    \n        :Raises: If the response contains an error message.\n        \"\"\"\n        status = response.get(\"status\", None)\n        if not status or status == ErrorCode.SUCCESS:\n            return\n        value = None\n        message = response.get(\"message\", \"\")\n        screen: str = response.get(\"screen\", \"\")\n        stacktrace = None\n        if isinstance(status, int):\n            value_json = response.get(\"value\", None)\n            if value_json and isinstance(value_json, str):\n                import json\n    \n                try:\n                    value = json.loads(value_json)\n                    if len(value) == 1:\n                        value = value[\"value\"]\n                    status = value.get(\"error\", None)\n                    if not status:\n                        status = value.get(\"status\", ErrorCode.UNKNOWN_ERROR)\n                        message = value.get(\"value\") or value.get(\"message\")\n                        if not isinstance(message, str):\n                            value = message\n                            message = message.get(\"message\")\n                    else:\n                        message = value.get(\"message\", None)\n                except ValueError:\n                    pass\n    \n        exception_class: Type[WebDriverException]\n        e = ErrorCode()\n        error_codes = [item for item in dir(e) if not item.startswith(\"__\")]\n        for error_code in error_codes:\n            error_info = getattr(ErrorCode, error_code)\n            if isinstance(error_info, list) and status in error_info:\n                exception_class = getattr(ExceptionMapping, error_code, WebDriverException)\n                break\n        else:\n            exception_class = WebDriverException\n    \n        if not value:\n            value = response[\"value\"]\n        if isinstance(value, str):\n            raise exception_class(value)\n        if message == \"\" and \"message\" in value:\n            message = value[\"message\"]\n    \n        screen = None  # type: ignore[assignment]\n        if \"screen\" in value:\n            screen = value[\"screen\"]\n    \n        stacktrace = None\n        st_value = value.get(\"stackTrace\") or value.get(\"stacktrace\")\n        if st_value:\n            if isinstance(st_value, str):\n                stacktrace = st_value.split(\"\\n\")\n            else:\n                stacktrace = []\n                try:\n                    for frame in st_value:\n                        line = frame.get(\"lineNumber\", \"\")\n                        file = frame.get(\"fileName\", \"<anonymous>\")\n                        if line:\n                            file = f\"{file}:{line}\"\n                        meth = frame.get(\"methodName\", \"<anonymous>\")\n                        if \"className\" in frame:\n                            meth = f\"{frame['className']}.{meth}\"\n                        msg = \"    at %s (%s)\"\n                        msg = msg % (meth, file)\n                        stacktrace.append(msg)\n                except TypeError:\n                    pass\n        if exception_class == UnexpectedAlertPresentException:\n            alert_text = None\n            if \"data\" in value:\n                alert_text = value[\"data\"].get(\"text\")\n            elif \"alert\" in value:\n                alert_text = value[\"alert\"].get(\"text\")\n            raise exception_class(message, screen, stacktrace, alert_text)  # type: ignore[call-arg]  # mypy is not smart enough here\n>       raise exception_class(message, screen, stacktrace)\nE       selenium.common.exceptions.InvalidSelectorException: Message: invalid selector: An invalid or illegal selector was specified\nE         (Session info: chrome=121.0.6167.140); For documentation on this error, please visit: https://www.selenium.dev/documentation/webdriver/troubleshooting/errors#invalid-selector-exception\nE       Stacktrace:\nE       \tGetHandleVerifier [0x00F31673+52979]\nE       \t(No symbol) [0x00EB7961]\nE       \t(No symbol) [0x00D9DD3D]\nE       \t(No symbol) [0x00DA1F90]\nE       \t(No symbol) [0x00DA3AC2]\nE       \t(No symbol) [0x00DA3B50]\nE       \t(No symbol) [0x00DD5D19]\nE       \t(No symbol) [0x00DD60FB]\nE       \t(No symbol) [0x00E0CFCC]\nE       \t(No symbol) [0x00DF4534]\nE       \t(No symbol) [0x00E0B3FE]\nE       \t(No symbol) [0x00DF4286]\nE       \t(No symbol) [0x00DCC063]\nE       \t(No symbol) [0x00DCCECD]\nE       \tGetHandleVerifier [0x01248D83+3294723]\nE       \tGetHandleVerifier [0x01286CC2+3548482]\nE       \tGetHandleVerifier [0x01281C9C+3527964]\nE       \tGetHandleVerifier [0x00FC870E+671630]\nE       \t(No symbol) [0x00EC1EB4]\nE       \t(No symbol) [0x00EBD808]\nE       \t(No symbol) [0x00EBD92D]\nE       \t(No symbol) [0x00EAF7E0]\nE       \tBaseThreadInitThunk [0x75FFFCC9+25]\nE       \tRtlGetAppContainerNamedObjectPath [0x77637B1E+286]\nE       \tRtlGetAppContainerNamedObjectPath [0x77637AEE+238]\n\n..\\..\\venv\\Lib\\site-packages\\selenium\\webdriver\\remote\\errorhandler.py:229: InvalidSelectorException"}, "steps": [{"name": "Авторизовываюсь под базовым пользователем", "status": "passed", "steps": [{"name": "Нахожу элемент по селектору '#username'", "status": "passed", "parameters": [{"name": "css_selector", "value": "'#username'"}], "start": 1707139350714, "stop": 1707139350730}, {"name": "Нахожу элемент по селектору '#password'", "status": "passed", "parameters": [{"name": "css_selector", "value": "'#password'"}], "start": 1707139350766, "stop": 1707139350777}, {"name": "Нахожу элемент по селектору 'form button[type=\"submit\"]'", "status": "passed", "parameters": [{"name": "css_selector", "value": "'form button[type=\"submit\"]'"}], "start": 1707139350826, "stop": 1707139350837}], "start": 1707139350714, "stop": 1707139362377}, {"name": "Выбираю с ожиданием элемент списка по селектору 'select#rfId' с индексом 49", "status": "passed", "steps": [{"name": "Нахожу элемент по селектору 'select#rfId'", "status": "passed", "parameters": [{"name": "css_selector", "value": "'select#rfId'"}], "start": 1707139364377, "stop": 1707139364388}, {"name": "Нахожу элемент по селектору 'select#rfId ~ div'", "status": "passed", "parameters": [{"name": "css_selector", "value": "'select#rfId ~ div'"}], "start": 1707139364398, "stop": 1707139364409}, {"name": "Нахожу элементы по селектору 'select#rfId ~ div .suggest--option'", "status": "passed", "parameters": [{"name": "css_selector", "value": "'select#rfId ~ div .suggest--option'"}], "start": 1707139365493, "stop": 1707139365512}], "parameters": [{"name": "css_selector", "value": "'select#rfId'"}, {"name": "index", "value": "49"}, {"name": "time_sleep", "value": "1"}], "start": 1707139364377, "stop": 1707139365565}, {"name": "Выбираю элемент по селектору '#needBroadband' с индексом 1", "status": "passed", "steps": [{"name": "Нахожу элемент по селектору '#needBroadband'", "status": "passed", "parameters": [{"name": "css_selector", "value": "'#needBroadband'"}], "start": 1707139365566, "stop": 1707139365581}], "parameters": [{"name": "css_selector", "value": "'#needBroadband'"}, {"name": "index", "value": "1"}], "start": 1707139365566, "stop": 1707139365696}, {"name": "Выбираю с ожиданием элемент списка по селектору '#buildTypeId' с индексом 1", "status": "passed", "steps": [{"name": "Нахожу элемент по селектору '#buildTypeId'", "status": "passed", "parameters": [{"name": "css_selector", "value": "'#buildTypeId'"}], "start": 1707139367697, "stop": 1707139367711}, {"name": "Нахожу элемент по селектору '#buildTypeId ~ div'", "status": "passed", "parameters": [{"name": "css_selector", "value": "'#buildTypeId ~ div'"}], "start": 1707139367721, "stop": 1707139367729}, {"name": "Нахожу элементы по селектору '#buildTypeId ~ div .suggest--option'", "status": "passed", "parameters": [{"name": "css_selector", "value": "'#buildTypeId ~ div .suggest--option'"}], "start": 1707139368780, "stop": 1707139368798}], "parameters": [{"name": "css_selector", "value": "'#buildTypeId'"}, {"name": "index", "value": "1"}, {"name": "time_sleep", "value": "1"}], "start": 1707139367697, "stop": 1707139368871}, {"name": "Выбираю с ожиданием элемент списка по селектору '#customerId' с индексом 0 по контексту '111111111111'", "status": "passed", "steps": [{"name": "Нахожу элемент по селектору '#customerId ~ div'", "status": "passed", "parameters": [{"name": "css_selector", "value": "'#customerId ~ div'"}], "start": 1707139368872, "stop": 1707139369708}, {"name": "Нахожу элемент по селектору '#customerId ~ div .suggest--input-field'", "status": "passed", "parameters": [{"name": "css_selector", "value": "'#customerId ~ div .suggest--input-field'"}], "start": 1707139369766, "stop": 1707139369779}, {"name": "Нахожу элементы по селектору '#customerId ~ div .suggest--option'", "status": "passed", "parameters": [{"name": "css_selector", "value": "'#customerId ~ div .suggest--option'"}], "start": 1707139371852, "stop": 1707139371867}], "parameters": [{"name": "css_selector", "value": "'#customerId'"}, {"name": "value", "value": "'111111111111'"}, {"name": "index", "value": "0"}, {"name": "time_sleep", "value": "2"}], "start": 1707139368872, "stop": 1707139371913}, {"name": "Нахожу элемент по селектору '#projectName'", "status": "passed", "parameters": [{"name": "css_selector", "value": "'#projectName'"}], "start": 1707139371913, "stop": 1707139371923}, {"name": "Нахожу элемент по селектору '.btn-group button'", "status": "passed", "parameters": [{"name": "css_selector", "value": "'.btn-group button'"}], "start": 1707139372032, "stop": 1707139372044}, {"name": "Выбираю с ожиданием элемент списка по селектору '.modal-content [id^=city]' с индексом 0 по контексту 'Саратов'", "status": "passed", "steps": [{"name": "Нахожу элемент по селектору '.modal-content [id^=city] ~ div'", "status": "passed", "parameters": [{"name": "css_selector", "value": "'.modal-content [id^=city] ~ div'"}], "start": 1707139372105, "stop": 1707139372901}, {"name": "Нахожу элемент по селектору '.modal-content [id^=city] ~ div .suggest--input-field'", "status": "passed", "parameters": [{"name": "css_selector", "value": "'.modal-content [id^=city] ~ div .suggest--input-field'"}], "start": 1707139372975, "stop": 1707139372989}, {"name": "Нахожу элементы по селектору '.modal-content [id^=city] ~ div .suggest--option'", "status": "passed", "parameters": [{"name": "css_selector", "value": "'.modal-content [id^=city] ~ div .suggest--option'"}], "start": 1707139375033, "stop": 1707139375047}], "parameters": [{"name": "css_selector", "value": "'.modal-content [id^=city]'"}, {"name": "value", "value": "'Саратов'"}, {"name": "index", "value": "0"}, {"name": "time_sleep", "value": "2"}], "start": 1707139372105, "stop": 1707139375115}, {"name": "Выбираю с ожиданием элемент списка по селектору '.modal-content .js--b2c-construction-projects-load-houses-on-street' с индексом 0 по контексту 'Авиастроителей'", "status": "passed", "steps": [{"name": "Нахожу элемент по селектору '.modal-content .js--b2c-construction-projects-load-houses-on-street ~ div'", "status": "passed", "parameters": [{"name": "css_selector", "value": "'.modal-content .js--b2c-construction-projects-load-houses-on-street ~ div'"}], "start": 1707139375115, "stop": 1707139375124}, {"name": "Нахожу элемент по селектору '.modal-content .js--b2c-construction-projects-load-houses-on-street ~ div .suggest--input-field'", "status": "passed", "parameters": [{"name": "css_selector", "value": "'.modal-content .js--b2c-construction-projects-load-houses-on-street ~ div .suggest--input-field'"}], "start": 1707139375188, "stop": 1707139375200}, {"name": "Нахожу элементы по селектору '.modal-content .js--b2c-construction-projects-load-houses-on-street ~ div .suggest--option'", "status": "passed", "parameters": [{"name": "css_selector", "value": "'.modal-content .js--b2c-construction-projects-load-houses-on-street ~ div .suggest--option'"}], "start": 1707139377266, "stop": 1707139377283}], "parameters": [{"name": "css_selector", "value": "'.modal-content .js--b2c-construction-projects-load-houses-on-street'"}, {"name": "value", "value": "'Авиастроителей'"}, {"name": "index", "value": "0"}, {"name": "time_sleep", "value": "2"}], "start": 1707139375115, "stop": 1707139377332}, {"name": "Выбираю элемент по селектору '.modal-content .construction-projects-address-div div:first-child select' с индексом 2", "status": "passed", "steps": [{"name": "Нахожу элемент по селектору '.modal-content .construction-projects-address-div div:first-child select'", "status": "passed", "parameters": [{"name": "css_selector", "value": "'.modal-content .construction-projects-address-div div:first-child select'"}], "start": 1707139377332, "stop": 1707139377350}], "parameters": [{"name": "css_selector", "value": "'.modal-content .construction-projects-address-div div:first-child select'"}, {"name": "index", "value": "2"}], "start": 1707139377332, "stop": 1707139378020}, {"name": "Нахожу элемент по селектору '.modal-content .construction-projects-address-div .js--b2c-multi-selected-values-right'", "status": "passed", "parameters": [{"name": "css_selector", "value": "'.modal-content .construction-projects-address-div .js--b2c-multi-selected-values-right'"}], "start": 1707139378021, "stop": 1707139378038}, {"name": "Нахожу элемент по селектору '.modal-content .js--b2c-construction-projects-add-selected-addresses'", "status": "passed", "parameters": [{"name": "css_selector", "value": "'.modal-content .js--b2c-construction-projects-add-selected-addresses'"}], "start": 1707139378125, "stop": 1707139378141}, {"name": "Нахожу элемент по селектору '.b2c-objects :nth-child(7)'", "status": "passed", "parameters": [{"name": "css_selector", "value": "'.b2c-objects :nth-child(7)'"}], "start": 1707139378225, "stop": 1707139378240}, {"name": "Нахожу элемент по селектору '.b2c-objects :nth-child(7) input'", "status": "passed", "parameters": [{"name": "css_selector", "value": "'.b2c-objects :nth-child(7) input'"}], "start": 1707139378595, "stop": 1707139378612}, {"name": "Нахожу элемент по селектору '.b2c-objects :nth-child(8)'", "status": "passed", "parameters": [{"name": "css_selector", "value": "'.b2c-objects :nth-child(8)'"}], "start": 1707139378704, "stop": 1707139378726}, {"name": "Нахожу элементы по селектору '.modal-body .b2c-service-group:nth-child(2) input:visible'", "status": "broken", "statusDetails": {"message": "selenium.common.exceptions.InvalidSelectorException: Message: invalid selector: An invalid or illegal selector was specified\n  (Session info: chrome=121.0.6167.140); For documentation on this error, please visit: https://www.selenium.dev/documentation/webdriver/troubleshooting/errors#invalid-selector-exception\nStacktrace:\n\tGetHandleVerifier [0x00F31673+52979]\n\t(No symbol) [0x00EB7961]\n\t(No symbol) [0x00D9DD3D]\n\t(No symbol) [0x00DA1F90]\n\t(No symbol) [0x00DA3AC2]\n\t(No symbol) [0x00DA3B50]\n\t(No symbol) [0x00DD5D19]\n\t(No symbol) [0x00DD60FB]\n\t(No symbol) [0x00E0CFCC]\n\t(No symbol) [0x00DF4534]\n\t(No symbol) [0x00E0B3FE]\n\t(No symbol) [0x00DF4286]\n\t(No symbol) [0x00DCC063]\n\t(No symbol) [0x00DCCECD]\n\tGetHandleVerifier [0x01248D83+3294723]\n\tGetHandleVerifier [0x01286CC2+3548482]\n\tGetHandleVerifier [0x01281C9C+3527964]\n\tGetHandleVerifier [0x00FC870E+671630]\n\t(No symbol) [0x00EC1EB4]\n\t(No symbol) [0x00EBD808]\n\t(No symbol) [0x00EBD92D]\n\t(No symbol) [0x00EAF7E0]\n\tBaseThreadInitThunk [0x75FFFCC9+25]\n\tRtlGetAppContainerNamedObjectPath [0x77637B1E+286]\n\tRtlGetAppContainerNamedObjectPath [0x77637AEE+238]\n\n", "trace": "  File \"C:\\Users\\Anton.S.Malyuga\\PycharmProjects\\Develop\\Hermes\\venv\\Lib\\site-packages\\allure_commons\\_allure.py\", line 192, in impl\n    return func(*a, **kw)\n           ^^^^^^^^^^^^^^\n  File \"C:\\Users\\Anton.S.Malyuga\\PycharmProjects\\Develop\\Hermes\\page_objects\\BasePage.py\", line 34, in find_elements\n    return self._driver.find_elements(By.CSS_SELECTOR, css_selector)\n           ^^^^^^^^^^^^^^^^^^^^^^^^^^^^^^^^^^^^^^^^^^^^^^^^^^^^^^^^^\n  File \"C:\\Users\\Anton.S.Malyuga\\PycharmProjects\\Develop\\Hermes\\venv\\Lib\\site-packages\\selenium\\webdriver\\remote\\webdriver.py\", line 771, in find_elements\n    return self.execute(Command.FIND_ELEMENTS, {\"using\": by, \"value\": value})[\"value\"] or []\n           ^^^^^^^^^^^^^^^^^^^^^^^^^^^^^^^^^^^^^^^^^^^^^^^^^^^^^^^^^^^^^^^^^^\n  File \"C:\\Users\\Anton.S.Malyuga\\PycharmProjects\\Develop\\Hermes\\venv\\Lib\\site-packages\\selenium\\webdriver\\remote\\webdriver.py\", line 347, in execute\n    self.error_handler.check_response(response)\n  File \"C:\\Users\\Anton.S.Malyuga\\PycharmProjects\\Develop\\Hermes\\venv\\Lib\\site-packages\\selenium\\webdriver\\remote\\errorhandler.py\", line 229, in check_response\n    raise exception_class(message, screen, stacktrace)\n"}, "parameters": [{"name": "css_selector", "value": "'.modal-body .b2c-service-group:nth-child(2) input:visible'"}], "start": 1707139378830, "stop": 1707139378851}], "start": 1707139350713, "stop": 1707139378854, "uuid": "5adf1580-25ae-48a7-a5bd-d7c8c275bc03", "historyId": "7b17ce76f0a8afccd9146fde65de5afe", "testCaseId": "7b17ce76f0a8afccd9146fde65de5afe", "fullName": "tests.end2end.test_end_2_end_project_b2c#test_end_2_end_project_b2c", "labels": [{"name": "feature", "value": "Форма создания строительного проекта B2C"}, {"name": "parentSuite", "value": "tests.end2end"}, {"name": "suite", "value": "test_end_2_end_project_b2c"}, {"name": "host", "value": "WGD02RTI2189"}, {"name": "thread", "value": "21372-MainThread"}, {"name": "framework", "value": "pytest"}, {"name": "language", "value": "cpython3"}, {"name": "package", "value": "tests.end2end.test_end_2_end_project_b2c"}]}