{"name": "Проработка строительного проекта", "status": "broken", "statusDetails": {"message": "selenium.common.exceptions.TimeoutException: Message: Не смог найти элемент по CSS ('css selector', '#needBroadband ~ div')\nStacktrace:\n\tGetHandleVerifier [0x003B1673+52979]\n\t(No symbol) [0x00337961]\n\t(No symbol) [0x0021DD3D]\n\t(No symbol) [0x00255FBB]\n\t(No symbol) [0x002560FB]\n\t(No symbol) [0x0028CF92]\n\t(No symbol) [0x00274534]\n\t(No symbol) [0x0028B3FE]\n\t(No symbol) [0x00274286]\n\t(No symbol) [0x0024C063]\n\t(No symbol) [0x0024CECD]\n\tGetHandleVerifier [0x006C8D83+3294723]\n\tGetHandleVerifier [0x00706CC2+3548482]\n\tGetHandleVerifier [0x00701C9C+3527964]\n\tGetHandleVerifier [0x0044870E+671630]\n\t(No symbol) [0x00341EB4]\n\t(No symbol) [0x0033D808]\n\t(No symbol) [0x0033D92D]\n\t(No symbol) [0x0032F7E0]\n\tBaseThreadInitThunk [0x75FFFCC9+25]\n\tRtlGetAppContainerNamedObjectPath [0x77637B1E+286]\n\tRtlGetAppContainerNamedObjectPath [0x77637AEE+238]", "trace": "driver = <selenium.webdriver.chrome.webdriver.WebDriver (session=\"fe5873f1b374208fb1df7059347218f1\")>\n\n    @allure.feature('Форма создания строительного проекта B2C')\n    @allure.title('Проработка строительного проекта')\n    def test_end_2_end_project_b2c(driver):\n        UserLoginForm(driver).autorization_default()\n        driver.get('https://hermes-test.rt.ru/b2c/create_construction_project_show')\n        B2CCreateConstructionProjectShow(driver).selected_rf('РФ Саратовский')\n>       B2CCreateConstructionProjectShow(driver).selected_is_need_broad('Нет')\n\ntest_end_2_end_project_b2c.py:14: \n_ _ _ _ _ _ _ _ _ _ _ _ _ _ _ _ _ _ _ _ _ _ _ _ _ _ _ _ _ _ _ _ _ _ _ _ _ _ _ _\n..\\..\\page_objects\\b2cCreateConstructionProjectShow.py:56: in selected_is_need_broad\n    self.selected_element_by_value(locator=self._LOCATOR_SELECT_IS_NEED_BROAD_BAND,\n..\\..\\page_objects\\BasePage.py:44: in selected_element_by_value\n    self.find_element((By.CSS_SELECTOR, f'{locator[1]} ~ div')).click()\n..\\..\\page_objects\\BasePage.py:25: in find_element\n    return WebDriverWait(self._driver, second).until(\n_ _ _ _ _ _ _ _ _ _ _ _ _ _ _ _ _ _ _ _ _ _ _ _ _ _ _ _ _ _ _ _ _ _ _ _ _ _ _ _\n\nself = <selenium.webdriver.support.wait.WebDriverWait (session=\"fe5873f1b374208fb1df7059347218f1\")>\nmethod = <function presence_of_element_located.<locals>._predicate at 0x000001DC4D120220>\nmessage = \"Не смог найти элемент по CSS ('css selector', '#needBroadband ~ div')\"\n\n    def until(self, method: Callable[[WebDriver], Union[Literal[False], T]], message: str = \"\") -> T:\n        \"\"\"Calls the method provided with the driver as an argument until the \\\n        return value does not evaluate to ``False``.\n    \n        :param method: callable(WebDriver)\n        :param message: optional message for :exc:`TimeoutException`\n        :returns: the result of the last call to `method`\n        :raises: :exc:`selenium.common.exceptions.TimeoutException` if timeout occurs\n        \"\"\"\n        screen = None\n        stacktrace = None\n    \n        end_time = time.monotonic() + self._timeout\n        while True:\n            try:\n                value = method(self._driver)\n                if value:\n                    return value\n            except self._ignored_exceptions as exc:\n                screen = getattr(exc, \"screen\", None)\n                stacktrace = getattr(exc, \"stacktrace\", None)\n            time.sleep(self._poll)\n            if time.monotonic() > end_time:\n                break\n>       raise TimeoutException(message, screen, stacktrace)\nE       selenium.common.exceptions.TimeoutException: Message: Не смог найти элемент по CSS ('css selector', '#needBroadband ~ div')\nE       Stacktrace:\nE       \tGetHandleVerifier [0x003B1673+52979]\nE       \t(No symbol) [0x00337961]\nE       \t(No symbol) [0x0021DD3D]\nE       \t(No symbol) [0x00255FBB]\nE       \t(No symbol) [0x002560FB]\nE       \t(No symbol) [0x0028CF92]\nE       \t(No symbol) [0x00274534]\nE       \t(No symbol) [0x0028B3FE]\nE       \t(No symbol) [0x00274286]\nE       \t(No symbol) [0x0024C063]\nE       \t(No symbol) [0x0024CECD]\nE       \tGetHandleVerifier [0x006C8D83+3294723]\nE       \tGetHandleVerifier [0x00706CC2+3548482]\nE       \tGetHandleVerifier [0x00701C9C+3527964]\nE       \tGetHandleVerifier [0x0044870E+671630]\nE       \t(No symbol) [0x00341EB4]\nE       \t(No symbol) [0x0033D808]\nE       \t(No symbol) [0x0033D92D]\nE       \t(No symbol) [0x0032F7E0]\nE       \tBaseThreadInitThunk [0x75FFFCC9+25]\nE       \tRtlGetAppContainerNamedObjectPath [0x77637B1E+286]\nE       \tRtlGetAppContainerNamedObjectPath [0x77637AEE+238]\n\n..\\..\\venv\\Lib\\site-packages\\selenium\\webdriver\\support\\wait.py:101: TimeoutException"}, "steps": [{"name": "Авторизовываюсь под базовым пользователем", "status": "passed", "steps": [{"name": "Нахожу элемент по селектору ('css selector', '#username')", "status": "passed", "parameters": [{"name": "locator", "value": "('css selector', '#username')"}, {"name": "second", "value": "10"}], "start": 1708075611680, "stop": 1708075611703}, {"name": "Нахожу элемент по селектору ('css selector', '#password')", "status": "passed", "parameters": [{"name": "locator", "value": "('css selector', '#password')"}, {"name": "second", "value": "10"}], "start": 1708075611786, "stop": 1708075611799}, {"name": "Нахожу элемент по селектору ('css selector', 'form button[type=\"submit\"]')", "status": "passed", "parameters": [{"name": "locator", "value": "('css selector', 'form button[type=\"submit\"]')"}, {"name": "second", "value": "10"}], "start": 1708075611876, "stop": 1708075611910}], "start": 1708075611679, "stop": 1708075614514}, {"name": "Выбрать РФ по имени 'РФ Саратовский'", "status": "passed", "steps": [{"name": "Выбираю с ожиданием элемент списка по локатору ('css selector', 'select#rfId') по контексту 'РФ Саратовский'", "status": "passed", "steps": [{"name": "Нахожу элемент по селектору ('css selector', 'select#rfId')", "status": "passed", "parameters": [{"name": "locator", "value": "('css selector', 'select#rfId')"}, {"name": "second", "value": "10"}], "start": 1708075615668, "stop": 1708075615869}, {"name": "Нахожу элемент по селектору ('css selector', 'select#rfId ~ div')", "status": "passed", "parameters": [{"name": "locator", "value": "('css selector', 'select#rfId ~ div')"}, {"name": "second", "value": "10"}], "start": 1708075615901, "stop": 1708075615919}, {"name": "Нахожу элемент по селектору ('css selector', 'select#rfId ~ div .suggest--input-field')", "status": "passed", "parameters": [{"name": "locator", "value": "('css selector', 'select#rfId ~ div .suggest--input-field')"}, {"name": "second", "value": "10"}], "start": 1708075618089, "stop": 1708075618106}, {"name": "Нахожу элемент по селектору ('css selector', 'select#rfId ~ div .suggest--option')", "status": "passed", "parameters": [{"name": "locator", "value": "('css selector', 'select#rfId ~ div .suggest--option')"}, {"name": "second", "value": "10"}], "start": 1708075620214, "stop": 1708075620238}], "parameters": [{"name": "locator", "value": "('css selector', 'select#rfId')"}, {"name": "value", "value": "'РФ Саратовский'"}], "start": 1708075615667, "stop": 1708075620334}], "parameters": [{"name": "rf_name", "value": "'РФ Саратовский'"}], "start": 1708075615667, "stop": 1708075620334}, {"name": "Выбрать тип наличие ШПД 'Нет'", "status": "broken", "statusDetails": {"message": "selenium.common.exceptions.TimeoutException: Message: Не смог найти элемент по CSS ('css selector', '#needBroadband ~ div')\nStacktrace:\n\tGetHandleVerifier [0x003B1673+52979]\n\t(No symbol) [0x00337961]\n\t(No symbol) [0x0021DD3D]\n\t(No symbol) [0x00255FBB]\n\t(No symbol) [0x002560FB]\n\t(No symbol) [0x0028CF92]\n\t(No symbol) [0x00274534]\n\t(No symbol) [0x0028B3FE]\n\t(No symbol) [0x00274286]\n\t(No symbol) [0x0024C063]\n\t(No symbol) [0x0024CECD]\n\tGetHandleVerifier [0x006C8D83+3294723]\n\tGetHandleVerifier [0x00706CC2+3548482]\n\tGetHandleVerifier [0x00701C9C+3527964]\n\tGetHandleVerifier [0x0044870E+671630]\n\t(No symbol) [0x00341EB4]\n\t(No symbol) [0x0033D808]\n\t(No symbol) [0x0033D92D]\n\t(No symbol) [0x0032F7E0]\n\tBaseThreadInitThunk [0x75FFFCC9+25]\n\tRtlGetAppContainerNamedObjectPath [0x77637B1E+286]\n\tRtlGetAppContainerNamedObjectPath [0x77637AEE+238]\n\n", "trace": "  File \"C:\\Users\\Anton.S.Malyuga\\PycharmProjects\\Develop\\Hermes\\venv\\Lib\\site-packages\\allure_commons\\_allure.py\", line 192, in impl\n    return func(*a, **kw)\n           ^^^^^^^^^^^^^^\n  File \"C:\\Users\\Anton.S.Malyuga\\PycharmProjects\\Develop\\Hermes\\page_objects\\b2cCreateConstructionProjectShow.py\", line 56, in selected_is_need_broad\n    self.selected_element_by_value(locator=self._LOCATOR_SELECT_IS_NEED_BROAD_BAND,\n  File \"C:\\Users\\Anton.S.Malyuga\\PycharmProjects\\Develop\\Hermes\\venv\\Lib\\site-packages\\allure_commons\\_allure.py\", line 192, in impl\n    return func(*a, **kw)\n           ^^^^^^^^^^^^^^\n  File \"C:\\Users\\Anton.S.Malyuga\\PycharmProjects\\Develop\\Hermes\\page_objects\\BasePage.py\", line 44, in selected_element_by_value\n    self.find_element((By.CSS_SELECTOR, f'{locator[1]} ~ div')).click()\n    ^^^^^^^^^^^^^^^^^^^^^^^^^^^^^^^^^^^^^^^^^^^^^^^^^^^^^^^^^^^\n  File \"C:\\Users\\Anton.S.Malyuga\\PycharmProjects\\Develop\\Hermes\\venv\\Lib\\site-packages\\allure_commons\\_allure.py\", line 192, in impl\n    return func(*a, **kw)\n           ^^^^^^^^^^^^^^\n  File \"C:\\Users\\Anton.S.Malyuga\\PycharmProjects\\Develop\\Hermes\\page_objects\\BasePage.py\", line 25, in find_element\n    return WebDriverWait(self._driver, second).until(\n           ^^^^^^^^^^^^^^^^^^^^^^^^^^^^^^^^^^^^^^^^^^\n  File \"C:\\Users\\Anton.S.Malyuga\\PycharmProjects\\Develop\\Hermes\\venv\\Lib\\site-packages\\selenium\\webdriver\\support\\wait.py\", line 101, in until\n    raise TimeoutException(message, screen, stacktrace)\n"}, "steps": [{"name": "Выбираю с ожиданием элемент списка по локатору ('css selector', '#needBroadband') по контексту 'Нет'", "status": "broken", "statusDetails": {"message": "selenium.common.exceptions.TimeoutException: Message: Не смог найти элемент по CSS ('css selector', '#needBroadband ~ div')\nStacktrace:\n\tGetHandleVerifier [0x003B1673+52979]\n\t(No symbol) [0x00337961]\n\t(No symbol) [0x0021DD3D]\n\t(No symbol) [0x00255FBB]\n\t(No symbol) [0x002560FB]\n\t(No symbol) [0x0028CF92]\n\t(No symbol) [0x00274534]\n\t(No symbol) [0x0028B3FE]\n\t(No symbol) [0x00274286]\n\t(No symbol) [0x0024C063]\n\t(No symbol) [0x0024CECD]\n\tGetHandleVerifier [0x006C8D83+3294723]\n\tGetHandleVerifier [0x00706CC2+3548482]\n\tGetHandleVerifier [0x00701C9C+3527964]\n\tGetHandleVerifier [0x0044870E+671630]\n\t(No symbol) [0x00341EB4]\n\t(No symbol) [0x0033D808]\n\t(No symbol) [0x0033D92D]\n\t(No symbol) [0x0032F7E0]\n\tBaseThreadInitThunk [0x75FFFCC9+25]\n\tRtlGetAppContainerNamedObjectPath [0x77637B1E+286]\n\tRtlGetAppContainerNamedObjectPath [0x77637AEE+238]\n\n", "trace": "  File \"C:\\Users\\Anton.S.Malyuga\\PycharmProjects\\Develop\\Hermes\\venv\\Lib\\site-packages\\allure_commons\\_allure.py\", line 192, in impl\n    return func(*a, **kw)\n           ^^^^^^^^^^^^^^\n  File \"C:\\Users\\Anton.S.Malyuga\\PycharmProjects\\Develop\\Hermes\\page_objects\\BasePage.py\", line 44, in selected_element_by_value\n    self.find_element((By.CSS_SELECTOR, f'{locator[1]} ~ div')).click()\n    ^^^^^^^^^^^^^^^^^^^^^^^^^^^^^^^^^^^^^^^^^^^^^^^^^^^^^^^^^^^\n  File \"C:\\Users\\Anton.S.Malyuga\\PycharmProjects\\Develop\\Hermes\\venv\\Lib\\site-packages\\allure_commons\\_allure.py\", line 192, in impl\n    return func(*a, **kw)\n           ^^^^^^^^^^^^^^\n  File \"C:\\Users\\Anton.S.Malyuga\\PycharmProjects\\Develop\\Hermes\\page_objects\\BasePage.py\", line 25, in find_element\n    return WebDriverWait(self._driver, second).until(\n           ^^^^^^^^^^^^^^^^^^^^^^^^^^^^^^^^^^^^^^^^^^\n  File \"C:\\Users\\Anton.S.Malyuga\\PycharmProjects\\Develop\\Hermes\\venv\\Lib\\site-packages\\selenium\\webdriver\\support\\wait.py\", line 101, in until\n    raise TimeoutException(message, screen, stacktrace)\n"}, "steps": [{"name": "Нахожу элемент по селектору ('css selector', '#needBroadband')", "status": "passed", "parameters": [{"name": "locator", "value": "('css selector', '#needBroadband')"}, {"name": "second", "value": "10"}], "start": 1708075620334, "stop": 1708075620359}, {"name": "Нахожу элемент по селектору ('css selector', '#needBroadband ~ div')", "status": "broken", "statusDetails": {"message": "selenium.common.exceptions.TimeoutException: Message: Не смог найти элемент по CSS ('css selector', '#needBroadband ~ div')\nStacktrace:\n\tGetHandleVerifier [0x003B1673+52979]\n\t(No symbol) [0x00337961]\n\t(No symbol) [0x0021DD3D]\n\t(No symbol) [0x00255FBB]\n\t(No symbol) [0x002560FB]\n\t(No symbol) [0x0028CF92]\n\t(No symbol) [0x00274534]\n\t(No symbol) [0x0028B3FE]\n\t(No symbol) [0x00274286]\n\t(No symbol) [0x0024C063]\n\t(No symbol) [0x0024CECD]\n\tGetHandleVerifier [0x006C8D83+3294723]\n\tGetHandleVerifier [0x00706CC2+3548482]\n\tGetHandleVerifier [0x00701C9C+3527964]\n\tGetHandleVerifier [0x0044870E+671630]\n\t(No symbol) [0x00341EB4]\n\t(No symbol) [0x0033D808]\n\t(No symbol) [0x0033D92D]\n\t(No symbol) [0x0032F7E0]\n\tBaseThreadInitThunk [0x75FFFCC9+25]\n\tRtlGetAppContainerNamedObjectPath [0x77637B1E+286]\n\tRtlGetAppContainerNamedObjectPath [0x77637AEE+238]\n\n", "trace": "  File \"C:\\Users\\Anton.S.Malyuga\\PycharmProjects\\Develop\\Hermes\\venv\\Lib\\site-packages\\allure_commons\\_allure.py\", line 192, in impl\n    return func(*a, **kw)\n           ^^^^^^^^^^^^^^\n  File \"C:\\Users\\Anton.S.Malyuga\\PycharmProjects\\Develop\\Hermes\\page_objects\\BasePage.py\", line 25, in find_element\n    return WebDriverWait(self._driver, second).until(\n           ^^^^^^^^^^^^^^^^^^^^^^^^^^^^^^^^^^^^^^^^^^\n  File \"C:\\Users\\Anton.S.Malyuga\\PycharmProjects\\Develop\\Hermes\\venv\\Lib\\site-packages\\selenium\\webdriver\\support\\wait.py\", line 101, in until\n    raise TimeoutException(message, screen, stacktrace)\n"}, "parameters": [{"name": "locator", "value": "('css selector', '#needBroadband ~ div')"}, {"name": "second", "value": "10"}], "start": 1708075620374, "stop": 1708075631405}], "parameters": [{"name": "locator", "value": "('css selector', '#needBroadband')"}, {"name": "value", "value": "'Нет'"}], "start": 1708075620334, "stop": 1708075631407}], "parameters": [{"name": "is_need_broad", "value": "'Нет'"}], "start": 1708075620334, "stop": 1708075631408}], "start": 1708075611679, "stop": 1708075631412, "uuid": "f2b7bfcc-71bf-403e-a35c-c45c5421cc67", "historyId": "7b17ce76f0a8afccd9146fde65de5afe", "testCaseId": "7b17ce76f0a8afccd9146fde65de5afe", "fullName": "tests.end2end.test_end_2_end_project_b2c#test_end_2_end_project_b2c", "labels": [{"name": "feature", "value": "Форма создания строительного проекта B2C"}, {"name": "parentSuite", "value": "tests.end2end"}, {"name": "suite", "value": "test_end_2_end_project_b2c"}, {"name": "host", "value": "WGD02RTI2189"}, {"name": "thread", "value": "30356-MainThread"}, {"name": "framework", "value": "pytest"}, {"name": "language", "value": "cpython3"}, {"name": "package", "value": "tests.end2end.test_end_2_end_project_b2c"}]}