{"name": "Проработка строительного проекта", "status": "broken", "statusDetails": {"message": "selenium.common.exceptions.NoSuchWindowException: Message: no such window: target window already closed\nfrom unknown error: web view not found\n  (Session info: chrome=121.0.6167.140)\nStacktrace:\n\tGetHandleVerifier [0x00F01673+52979]\n\t(No symbol) [0x00E87961]\n\t(No symbol) [0x00D6DD3D]\n\t(No symbol) [0x00D5239A]\n\t(No symbol) [0x00DCA71B]\n\t(No symbol) [0x00DDACB6]\n\t(No symbol) [0x00DC4286]\n\t(No symbol) [0x00D9C063]\n\t(No symbol) [0x00D9CECD]\n\tGetHandleVerifier [0x01218D83+3294723]\n\tGetHandleVerifier [0x01256CC2+3548482]\n\tGetHandleVerifier [0x01251C9C+3527964]\n\tGetHandleVerifier [0x00F9870E+671630]\n\t(No symbol) [0x00E91EB4]\n\t(No symbol) [0x00E8D808]\n\t(No symbol) [0x00E8D92D]\n\t(No symbol) [0x00E7F7E0]\n\tBaseThreadInitThunk [0x75FFFCC9+25]\n\tRtlGetAppContainerNamedObjectPath [0x77637B1E+286]\n\tRtlGetAppContainerNamedObjectPath [0x77637AEE+238]", "trace": "driver = <selenium.webdriver.chrome.webdriver.WebDriver (session=\"d1ca8cd5393c0251d5134a905e5c9781\")>\n\n    @allure.feature('Форма создания строительного проекта B2C')\n    @allure.title('Проработка строительного проекта')\n    def test_end_2_end_project_b2c(driver):\n        UserLoginForm(driver).autorization_default()\n        driver.get('https://hermes-test.rt.ru/b2c/create_construction_project_show')\n>       B2CCreateConstructionProjectShow(driver).selected_rf(49)\n\ntest_end_2_end_project_b2c.py:13: \n_ _ _ _ _ _ _ _ _ _ _ _ _ _ _ _ _ _ _ _ _ _ _ _ _ _ _ _ _ _ _ _ _ _ _ _ _ _ _ _\n..\\..\\page_objects\\b2cCreateConstructionProjectShow.py:40: in selected_rf\n    self.selected_ajax_element_by_index(css_selector=self._LOCATOR_SELECT_RF, index=index_option)\n..\\..\\page_objects\\BasePage.py:54: in selected_ajax_element_by_index\n    if str(self.find_element(css_selector).get_attribute('class')).find('suggest__hidden-accessible') != -1:\n..\\..\\page_objects\\BasePage.py:27: in find_element\n    return self._driver.find_element(By.CSS_SELECTOR, css_selector)\n..\\..\\venv\\Lib\\site-packages\\selenium\\webdriver\\remote\\webdriver.py:741: in find_element\n    return self.execute(Command.FIND_ELEMENT, {\"using\": by, \"value\": value})[\"value\"]\n..\\..\\venv\\Lib\\site-packages\\selenium\\webdriver\\remote\\webdriver.py:347: in execute\n    self.error_handler.check_response(response)\n_ _ _ _ _ _ _ _ _ _ _ _ _ _ _ _ _ _ _ _ _ _ _ _ _ _ _ _ _ _ _ _ _ _ _ _ _ _ _ _\n\nself = <selenium.webdriver.remote.errorhandler.ErrorHandler object at 0x0000021055D02CD0>\nresponse = {'status': 404, 'value': '{\"value\":{\"error\":\"no such window\",\"message\":\"no such window: target window already closed\\\\...\\n\\\\tRtlGetAppContainerNamedObjectPath [0x77637B1E+286]\\\\n\\\\tRtlGetAppContainerNamedObjectPath [0x77637AEE+238]\\\\n\"}}'}\n\n    def check_response(self, response: Dict[str, Any]) -> None:\n        \"\"\"Checks that a JSON response from the WebDriver does not have an\n        error.\n    \n        :Args:\n         - response - The JSON response from the WebDriver server as a dictionary\n           object.\n    \n        :Raises: If the response contains an error message.\n        \"\"\"\n        status = response.get(\"status\", None)\n        if not status or status == ErrorCode.SUCCESS:\n            return\n        value = None\n        message = response.get(\"message\", \"\")\n        screen: str = response.get(\"screen\", \"\")\n        stacktrace = None\n        if isinstance(status, int):\n            value_json = response.get(\"value\", None)\n            if value_json and isinstance(value_json, str):\n                import json\n    \n                try:\n                    value = json.loads(value_json)\n                    if len(value) == 1:\n                        value = value[\"value\"]\n                    status = value.get(\"error\", None)\n                    if not status:\n                        status = value.get(\"status\", ErrorCode.UNKNOWN_ERROR)\n                        message = value.get(\"value\") or value.get(\"message\")\n                        if not isinstance(message, str):\n                            value = message\n                            message = message.get(\"message\")\n                    else:\n                        message = value.get(\"message\", None)\n                except ValueError:\n                    pass\n    \n        exception_class: Type[WebDriverException]\n        e = ErrorCode()\n        error_codes = [item for item in dir(e) if not item.startswith(\"__\")]\n        for error_code in error_codes:\n            error_info = getattr(ErrorCode, error_code)\n            if isinstance(error_info, list) and status in error_info:\n                exception_class = getattr(ExceptionMapping, error_code, WebDriverException)\n                break\n        else:\n            exception_class = WebDriverException\n    \n        if not value:\n            value = response[\"value\"]\n        if isinstance(value, str):\n            raise exception_class(value)\n        if message == \"\" and \"message\" in value:\n            message = value[\"message\"]\n    \n        screen = None  # type: ignore[assignment]\n        if \"screen\" in value:\n            screen = value[\"screen\"]\n    \n        stacktrace = None\n        st_value = value.get(\"stackTrace\") or value.get(\"stacktrace\")\n        if st_value:\n            if isinstance(st_value, str):\n                stacktrace = st_value.split(\"\\n\")\n            else:\n                stacktrace = []\n                try:\n                    for frame in st_value:\n                        line = frame.get(\"lineNumber\", \"\")\n                        file = frame.get(\"fileName\", \"<anonymous>\")\n                        if line:\n                            file = f\"{file}:{line}\"\n                        meth = frame.get(\"methodName\", \"<anonymous>\")\n                        if \"className\" in frame:\n                            meth = f\"{frame['className']}.{meth}\"\n                        msg = \"    at %s (%s)\"\n                        msg = msg % (meth, file)\n                        stacktrace.append(msg)\n                except TypeError:\n                    pass\n        if exception_class == UnexpectedAlertPresentException:\n            alert_text = None\n            if \"data\" in value:\n                alert_text = value[\"data\"].get(\"text\")\n            elif \"alert\" in value:\n                alert_text = value[\"alert\"].get(\"text\")\n            raise exception_class(message, screen, stacktrace, alert_text)  # type: ignore[call-arg]  # mypy is not smart enough here\n>       raise exception_class(message, screen, stacktrace)\nE       selenium.common.exceptions.NoSuchWindowException: Message: no such window: target window already closed\nE       from unknown error: web view not found\nE         (Session info: chrome=121.0.6167.140)\nE       Stacktrace:\nE       \tGetHandleVerifier [0x00F01673+52979]\nE       \t(No symbol) [0x00E87961]\nE       \t(No symbol) [0x00D6DD3D]\nE       \t(No symbol) [0x00D5239A]\nE       \t(No symbol) [0x00DCA71B]\nE       \t(No symbol) [0x00DDACB6]\nE       \t(No symbol) [0x00DC4286]\nE       \t(No symbol) [0x00D9C063]\nE       \t(No symbol) [0x00D9CECD]\nE       \tGetHandleVerifier [0x01218D83+3294723]\nE       \tGetHandleVerifier [0x01256CC2+3548482]\nE       \tGetHandleVerifier [0x01251C9C+3527964]\nE       \tGetHandleVerifier [0x00F9870E+671630]\nE       \t(No symbol) [0x00E91EB4]\nE       \t(No symbol) [0x00E8D808]\nE       \t(No symbol) [0x00E8D92D]\nE       \t(No symbol) [0x00E7F7E0]\nE       \tBaseThreadInitThunk [0x75FFFCC9+25]\nE       \tRtlGetAppContainerNamedObjectPath [0x77637B1E+286]\nE       \tRtlGetAppContainerNamedObjectPath [0x77637AEE+238]\n\n..\\..\\venv\\Lib\\site-packages\\selenium\\webdriver\\remote\\errorhandler.py:229: NoSuchWindowException"}, "steps": [{"name": "Авторизовываюсь под базовым пользователем", "status": "passed", "steps": [{"name": "Нахожу элемент по селектору '#username'''", "status": "passed", "parameters": [{"name": "css_selector", "value": "'#username'"}, {"name": "xpath_selector", "value": "''"}], "start": 1707308449867, "stop": 1707308449897}, {"name": "Нахожу элемент по селектору '#password'''", "status": "passed", "parameters": [{"name": "css_selector", "value": "'#password'"}, {"name": "xpath_selector", "value": "''"}], "start": 1707308449961, "stop": 1707308449973}, {"name": "Нахожу элемент по селектору 'form button[type=\"submit\"]'''", "status": "passed", "parameters": [{"name": "css_selector", "value": "'form button[type=\"submit\"]'"}, {"name": "xpath_selector", "value": "''"}], "start": 1707308450049, "stop": 1707308450081}], "start": 1707308449867, "stop": 1707308745323}, {"name": "Выбрать РФ по индексу 49", "status": "broken", "statusDetails": {"message": "selenium.common.exceptions.NoSuchWindowException: Message: no such window: target window already closed\nfrom unknown error: web view not found\n  (Session info: chrome=121.0.6167.140)\nStacktrace:\n\tGetHandleVerifier [0x00F01673+52979]\n\t(No symbol) [0x00E87961]\n\t(No symbol) [0x00D6DD3D]\n\t(No symbol) [0x00D5239A]\n\t(No symbol) [0x00DCA71B]\n\t(No symbol) [0x00DDACB6]\n\t(No symbol) [0x00DC4286]\n\t(No symbol) [0x00D9C063]\n\t(No symbol) [0x00D9CECD]\n\tGetHandleVerifier [0x01218D83+3294723]\n\tGetHandleVerifier [0x01256CC2+3548482]\n\tGetHandleVerifier [0x01251C9C+3527964]\n\tGetHandleVerifier [0x00F9870E+671630]\n\t(No symbol) [0x00E91EB4]\n\t(No symbol) [0x00E8D808]\n\t(No symbol) [0x00E8D92D]\n\t(No symbol) [0x00E7F7E0]\n\tBaseThreadInitThunk [0x75FFFCC9+25]\n\tRtlGetAppContainerNamedObjectPath [0x77637B1E+286]\n\tRtlGetAppContainerNamedObjectPath [0x77637AEE+238]\n\n", "trace": "  File \"C:\\Users\\Anton.S.Malyuga\\PycharmProjects\\Develop\\Hermes\\venv\\Lib\\site-packages\\allure_commons\\_allure.py\", line 192, in impl\n    return func(*a, **kw)\n           ^^^^^^^^^^^^^^\n  File \"C:\\Users\\Anton.S.Malyuga\\PycharmProjects\\Develop\\Hermes\\page_objects\\b2cCreateConstructionProjectShow.py\", line 40, in selected_rf\n    self.selected_ajax_element_by_index(css_selector=self._LOCATOR_SELECT_RF, index=index_option)\n  File \"C:\\Users\\Anton.S.Malyuga\\PycharmProjects\\Develop\\Hermes\\venv\\Lib\\site-packages\\allure_commons\\_allure.py\", line 192, in impl\n    return func(*a, **kw)\n           ^^^^^^^^^^^^^^\n  File \"C:\\Users\\Anton.S.Malyuga\\PycharmProjects\\Develop\\Hermes\\page_objects\\BasePage.py\", line 54, in selected_ajax_element_by_index\n    if str(self.find_element(css_selector).get_attribute('class')).find('suggest__hidden-accessible') != -1:\n           ^^^^^^^^^^^^^^^^^^^^^^^^^^^^^^^\n  File \"C:\\Users\\Anton.S.Malyuga\\PycharmProjects\\Develop\\Hermes\\venv\\Lib\\site-packages\\allure_commons\\_allure.py\", line 192, in impl\n    return func(*a, **kw)\n           ^^^^^^^^^^^^^^\n  File \"C:\\Users\\Anton.S.Malyuga\\PycharmProjects\\Develop\\Hermes\\page_objects\\BasePage.py\", line 27, in find_element\n    return self._driver.find_element(By.CSS_SELECTOR, css_selector)\n           ^^^^^^^^^^^^^^^^^^^^^^^^^^^^^^^^^^^^^^^^^^^^^^^^^^^^^^^^\n  File \"C:\\Users\\Anton.S.Malyuga\\PycharmProjects\\Develop\\Hermes\\venv\\Lib\\site-packages\\selenium\\webdriver\\remote\\webdriver.py\", line 741, in find_element\n    return self.execute(Command.FIND_ELEMENT, {\"using\": by, \"value\": value})[\"value\"]\n           ^^^^^^^^^^^^^^^^^^^^^^^^^^^^^^^^^^^^^^^^^^^^^^^^^^^^^^^^^^^^^^^^^\n  File \"C:\\Users\\Anton.S.Malyuga\\PycharmProjects\\Develop\\Hermes\\venv\\Lib\\site-packages\\selenium\\webdriver\\remote\\webdriver.py\", line 347, in execute\n    self.error_handler.check_response(response)\n  File \"C:\\Users\\Anton.S.Malyuga\\PycharmProjects\\Develop\\Hermes\\venv\\Lib\\site-packages\\selenium\\webdriver\\remote\\errorhandler.py\", line 229, in check_response\n    raise exception_class(message, screen, stacktrace)\n"}, "steps": [{"name": "Выбираю с ожиданием элемент списка по селектору 'select#rfId' с индексом 49", "status": "broken", "statusDetails": {"message": "selenium.common.exceptions.NoSuchWindowException: Message: no such window: target window already closed\nfrom unknown error: web view not found\n  (Session info: chrome=121.0.6167.140)\nStacktrace:\n\tGetHandleVerifier [0x00F01673+52979]\n\t(No symbol) [0x00E87961]\n\t(No symbol) [0x00D6DD3D]\n\t(No symbol) [0x00D5239A]\n\t(No symbol) [0x00DCA71B]\n\t(No symbol) [0x00DDACB6]\n\t(No symbol) [0x00DC4286]\n\t(No symbol) [0x00D9C063]\n\t(No symbol) [0x00D9CECD]\n\tGetHandleVerifier [0x01218D83+3294723]\n\tGetHandleVerifier [0x01256CC2+3548482]\n\tGetHandleVerifier [0x01251C9C+3527964]\n\tGetHandleVerifier [0x00F9870E+671630]\n\t(No symbol) [0x00E91EB4]\n\t(No symbol) [0x00E8D808]\n\t(No symbol) [0x00E8D92D]\n\t(No symbol) [0x00E7F7E0]\n\tBaseThreadInitThunk [0x75FFFCC9+25]\n\tRtlGetAppContainerNamedObjectPath [0x77637B1E+286]\n\tRtlGetAppContainerNamedObjectPath [0x77637AEE+238]\n\n", "trace": "  File \"C:\\Users\\Anton.S.Malyuga\\PycharmProjects\\Develop\\Hermes\\venv\\Lib\\site-packages\\allure_commons\\_allure.py\", line 192, in impl\n    return func(*a, **kw)\n           ^^^^^^^^^^^^^^\n  File \"C:\\Users\\Anton.S.Malyuga\\PycharmProjects\\Develop\\Hermes\\page_objects\\BasePage.py\", line 54, in selected_ajax_element_by_index\n    if str(self.find_element(css_selector).get_attribute('class')).find('suggest__hidden-accessible') != -1:\n           ^^^^^^^^^^^^^^^^^^^^^^^^^^^^^^^\n  File \"C:\\Users\\Anton.S.Malyuga\\PycharmProjects\\Develop\\Hermes\\venv\\Lib\\site-packages\\allure_commons\\_allure.py\", line 192, in impl\n    return func(*a, **kw)\n           ^^^^^^^^^^^^^^\n  File \"C:\\Users\\Anton.S.Malyuga\\PycharmProjects\\Develop\\Hermes\\page_objects\\BasePage.py\", line 27, in find_element\n    return self._driver.find_element(By.CSS_SELECTOR, css_selector)\n           ^^^^^^^^^^^^^^^^^^^^^^^^^^^^^^^^^^^^^^^^^^^^^^^^^^^^^^^^\n  File \"C:\\Users\\Anton.S.Malyuga\\PycharmProjects\\Develop\\Hermes\\venv\\Lib\\site-packages\\selenium\\webdriver\\remote\\webdriver.py\", line 741, in find_element\n    return self.execute(Command.FIND_ELEMENT, {\"using\": by, \"value\": value})[\"value\"]\n           ^^^^^^^^^^^^^^^^^^^^^^^^^^^^^^^^^^^^^^^^^^^^^^^^^^^^^^^^^^^^^^^^^\n  File \"C:\\Users\\Anton.S.Malyuga\\PycharmProjects\\Develop\\Hermes\\venv\\Lib\\site-packages\\selenium\\webdriver\\remote\\webdriver.py\", line 347, in execute\n    self.error_handler.check_response(response)\n  File \"C:\\Users\\Anton.S.Malyuga\\PycharmProjects\\Develop\\Hermes\\venv\\Lib\\site-packages\\selenium\\webdriver\\remote\\errorhandler.py\", line 229, in check_response\n    raise exception_class(message, screen, stacktrace)\n"}, "steps": [{"name": "Нахожу элемент по селектору 'select#rfId'''", "status": "broken", "statusDetails": {"message": "selenium.common.exceptions.NoSuchWindowException: Message: no such window: target window already closed\nfrom unknown error: web view not found\n  (Session info: chrome=121.0.6167.140)\nStacktrace:\n\tGetHandleVerifier [0x00F01673+52979]\n\t(No symbol) [0x00E87961]\n\t(No symbol) [0x00D6DD3D]\n\t(No symbol) [0x00D5239A]\n\t(No symbol) [0x00DCA71B]\n\t(No symbol) [0x00DDACB6]\n\t(No symbol) [0x00DC4286]\n\t(No symbol) [0x00D9C063]\n\t(No symbol) [0x00D9CECD]\n\tGetHandleVerifier [0x01218D83+3294723]\n\tGetHandleVerifier [0x01256CC2+3548482]\n\tGetHandleVerifier [0x01251C9C+3527964]\n\tGetHandleVerifier [0x00F9870E+671630]\n\t(No symbol) [0x00E91EB4]\n\t(No symbol) [0x00E8D808]\n\t(No symbol) [0x00E8D92D]\n\t(No symbol) [0x00E7F7E0]\n\tBaseThreadInitThunk [0x75FFFCC9+25]\n\tRtlGetAppContainerNamedObjectPath [0x77637B1E+286]\n\tRtlGetAppContainerNamedObjectPath [0x77637AEE+238]\n\n", "trace": "  File \"C:\\Users\\Anton.S.Malyuga\\PycharmProjects\\Develop\\Hermes\\venv\\Lib\\site-packages\\allure_commons\\_allure.py\", line 192, in impl\n    return func(*a, **kw)\n           ^^^^^^^^^^^^^^\n  File \"C:\\Users\\Anton.S.Malyuga\\PycharmProjects\\Develop\\Hermes\\page_objects\\BasePage.py\", line 27, in find_element\n    return self._driver.find_element(By.CSS_SELECTOR, css_selector)\n           ^^^^^^^^^^^^^^^^^^^^^^^^^^^^^^^^^^^^^^^^^^^^^^^^^^^^^^^^\n  File \"C:\\Users\\Anton.S.Malyuga\\PycharmProjects\\Develop\\Hermes\\venv\\Lib\\site-packages\\selenium\\webdriver\\remote\\webdriver.py\", line 741, in find_element\n    return self.execute(Command.FIND_ELEMENT, {\"using\": by, \"value\": value})[\"value\"]\n           ^^^^^^^^^^^^^^^^^^^^^^^^^^^^^^^^^^^^^^^^^^^^^^^^^^^^^^^^^^^^^^^^^\n  File \"C:\\Users\\Anton.S.Malyuga\\PycharmProjects\\Develop\\Hermes\\venv\\Lib\\site-packages\\selenium\\webdriver\\remote\\webdriver.py\", line 347, in execute\n    self.error_handler.check_response(response)\n  File \"C:\\Users\\Anton.S.Malyuga\\PycharmProjects\\Develop\\Hermes\\venv\\Lib\\site-packages\\selenium\\webdriver\\remote\\errorhandler.py\", line 229, in check_response\n    raise exception_class(message, screen, stacktrace)\n"}, "parameters": [{"name": "css_selector", "value": "'select#rfId'"}, {"name": "xpath_selector", "value": "''"}], "start": 1707308745337, "stop": 1707308745339}], "parameters": [{"name": "css_selector", "value": "'select#rfId'"}, {"name": "index", "value": "49"}], "start": 1707308745337, "stop": 1707308745343}], "parameters": [{"name": "index_option", "value": "49"}], "start": 1707308745337, "stop": 1707308745345}], "start": 1707308449866, "stop": 1707308745348, "uuid": "57a01c47-98d3-40e2-bcfb-4a6cd2565345", "historyId": "7b17ce76f0a8afccd9146fde65de5afe", "testCaseId": "7b17ce76f0a8afccd9146fde65de5afe", "fullName": "tests.end2end.test_end_2_end_project_b2c#test_end_2_end_project_b2c", "labels": [{"name": "feature", "value": "Форма создания строительного проекта B2C"}, {"name": "parentSuite", "value": "tests.end2end"}, {"name": "suite", "value": "test_end_2_end_project_b2c"}, {"name": "host", "value": "WGD02RTI2189"}, {"name": "thread", "value": "30704-MainThread"}, {"name": "framework", "value": "pytest"}, {"name": "language", "value": "cpython3"}, {"name": "package", "value": "tests.end2end.test_end_2_end_project_b2c"}]}