{"name": "Проработка строительного проекта", "status": "broken", "statusDetails": {"message": "selenium.common.exceptions.InvalidSelectorException: Message: invalid selector: Unable to locate an element with the xpath expression //option[contains(text(), \"Нет\"] because of the following error:\nSyntaxError: Failed to execute 'evaluate' on 'Document': The string '//option[contains(text(), \"Нет\"]' is not a valid XPath expression.\n  (Session info: chrome=121.0.6167.161); For documentation on this error, please visit: https://www.selenium.dev/documentation/webdriver/troubleshooting/errors#invalid-selector-exception\nStacktrace:\n\tGetHandleVerifier [0x003B1673+52979]\n\t(No symbol) [0x00337961]\n\t(No symbol) [0x0021DD3D]\n\t(No symbol) [0x00221F90]\n\t(No symbol) [0x00223AC2]\n\t(No symbol) [0x00223B50]\n\t(No symbol) [0x00255D19]\n\t(No symbol) [0x002560FB]\n\t(No symbol) [0x0024DAD1]\n\t(No symbol) [0x00274534]\n\t(No symbol) [0x0024DA4E]\n\t(No symbol) [0x00274784]\n\t(No symbol) [0x0028B3FE]\n\t(No symbol) [0x00274286]\n\t(No symbol) [0x0024C063]\n\t(No symbol) [0x0024CECD]\n\tGetHandleVerifier [0x006C8D83+3294723]\n\tGetHandleVerifier [0x00706CC2+3548482]\n\tGetHandleVerifier [0x00701C9C+3527964]\n\tGetHandleVerifier [0x0044870E+671630]\n\t(No symbol) [0x00341EB4]\n\t(No symbol) [0x0033D808]\n\t(No symbol) [0x0033D92D]\n\t(No symbol) [0x0032F7E0]\n\tBaseThreadInitThunk [0x75FFFCC9+25]\n\tRtlGetAppContainerNamedObjectPath [0x77637B1E+286]\n\tRtlGetAppContainerNamedObjectPath [0x77637AEE+238]", "trace": "driver = <selenium.webdriver.chrome.webdriver.WebDriver (session=\"a61f285598464f0834e004ede5ff4879\")>\n\n    @allure.feature('Форма создания строительного проекта B2C')\n    @allure.title('Проработка строительного проекта')\n    def test_end_2_end_project_b2c(driver):\n        UserLoginForm(driver).autorization_default()\n        driver.get('https://hermes-test.rt.ru/b2c/create_construction_project_show')\n        B2CCreateConstructionProjectShow(driver).selected_rf('РФ Саратовский')\n>       B2CCreateConstructionProjectShow(driver).selected_is_need_broad('Нет')\n\ntest_end_2_end_project_b2c.py:14: \n_ _ _ _ _ _ _ _ _ _ _ _ _ _ _ _ _ _ _ _ _ _ _ _ _ _ _ _ _ _ _ _ _ _ _ _ _ _ _ _\n..\\..\\page_objects\\b2cCreateConstructionProjectShow.py:56: in selected_is_need_broad\n    self.selected_element_by_value(locator=self._LOCATOR_SELECT_IS_NEED_BROAD_BAND,\n..\\..\\page_objects\\BasePage.py:51: in selected_element_by_value\n    select.find_element(By.XPATH, f'//option[contains(text(), \"{value}\"]').click()\n..\\..\\venv\\Lib\\site-packages\\selenium\\webdriver\\remote\\webelement.py:416: in find_element\n    return self._execute(Command.FIND_CHILD_ELEMENT, {\"using\": by, \"value\": value})[\"value\"]\n..\\..\\venv\\Lib\\site-packages\\selenium\\webdriver\\remote\\webelement.py:394: in _execute\n    return self._parent.execute(command, params)\n..\\..\\venv\\Lib\\site-packages\\selenium\\webdriver\\remote\\webdriver.py:347: in execute\n    self.error_handler.check_response(response)\n_ _ _ _ _ _ _ _ _ _ _ _ _ _ _ _ _ _ _ _ _ _ _ _ _ _ _ _ _ _ _ _ _ _ _ _ _ _ _ _\n\nself = <selenium.webdriver.remote.errorhandler.ErrorHandler object at 0x000001EAA7801610>\nresponse = {'status': 400, 'value': '{\"value\":{\"error\":\"invalid selector\",\"message\":\"invalid selector: Unable to locate an elemen...\\n\\\\tRtlGetAppContainerNamedObjectPath [0x77637B1E+286]\\\\n\\\\tRtlGetAppContainerNamedObjectPath [0x77637AEE+238]\\\\n\"}}'}\n\n    def check_response(self, response: Dict[str, Any]) -> None:\n        \"\"\"Checks that a JSON response from the WebDriver does not have an\n        error.\n    \n        :Args:\n         - response - The JSON response from the WebDriver server as a dictionary\n           object.\n    \n        :Raises: If the response contains an error message.\n        \"\"\"\n        status = response.get(\"status\", None)\n        if not status or status == ErrorCode.SUCCESS:\n            return\n        value = None\n        message = response.get(\"message\", \"\")\n        screen: str = response.get(\"screen\", \"\")\n        stacktrace = None\n        if isinstance(status, int):\n            value_json = response.get(\"value\", None)\n            if value_json and isinstance(value_json, str):\n                import json\n    \n                try:\n                    value = json.loads(value_json)\n                    if len(value) == 1:\n                        value = value[\"value\"]\n                    status = value.get(\"error\", None)\n                    if not status:\n                        status = value.get(\"status\", ErrorCode.UNKNOWN_ERROR)\n                        message = value.get(\"value\") or value.get(\"message\")\n                        if not isinstance(message, str):\n                            value = message\n                            message = message.get(\"message\")\n                    else:\n                        message = value.get(\"message\", None)\n                except ValueError:\n                    pass\n    \n        exception_class: Type[WebDriverException]\n        e = ErrorCode()\n        error_codes = [item for item in dir(e) if not item.startswith(\"__\")]\n        for error_code in error_codes:\n            error_info = getattr(ErrorCode, error_code)\n            if isinstance(error_info, list) and status in error_info:\n                exception_class = getattr(ExceptionMapping, error_code, WebDriverException)\n                break\n        else:\n            exception_class = WebDriverException\n    \n        if not value:\n            value = response[\"value\"]\n        if isinstance(value, str):\n            raise exception_class(value)\n        if message == \"\" and \"message\" in value:\n            message = value[\"message\"]\n    \n        screen = None  # type: ignore[assignment]\n        if \"screen\" in value:\n            screen = value[\"screen\"]\n    \n        stacktrace = None\n        st_value = value.get(\"stackTrace\") or value.get(\"stacktrace\")\n        if st_value:\n            if isinstance(st_value, str):\n                stacktrace = st_value.split(\"\\n\")\n            else:\n                stacktrace = []\n                try:\n                    for frame in st_value:\n                        line = frame.get(\"lineNumber\", \"\")\n                        file = frame.get(\"fileName\", \"<anonymous>\")\n                        if line:\n                            file = f\"{file}:{line}\"\n                        meth = frame.get(\"methodName\", \"<anonymous>\")\n                        if \"className\" in frame:\n                            meth = f\"{frame['className']}.{meth}\"\n                        msg = \"    at %s (%s)\"\n                        msg = msg % (meth, file)\n                        stacktrace.append(msg)\n                except TypeError:\n                    pass\n        if exception_class == UnexpectedAlertPresentException:\n            alert_text = None\n            if \"data\" in value:\n                alert_text = value[\"data\"].get(\"text\")\n            elif \"alert\" in value:\n                alert_text = value[\"alert\"].get(\"text\")\n            raise exception_class(message, screen, stacktrace, alert_text)  # type: ignore[call-arg]  # mypy is not smart enough here\n>       raise exception_class(message, screen, stacktrace)\nE       selenium.common.exceptions.InvalidSelectorException: Message: invalid selector: Unable to locate an element with the xpath expression //option[contains(text(), \"Нет\"] because of the following error:\nE       SyntaxError: Failed to execute 'evaluate' on 'Document': The string '//option[contains(text(), \"Нет\"]' is not a valid XPath expression.\nE         (Session info: chrome=121.0.6167.161); For documentation on this error, please visit: https://www.selenium.dev/documentation/webdriver/troubleshooting/errors#invalid-selector-exception\nE       Stacktrace:\nE       \tGetHandleVerifier [0x003B1673+52979]\nE       \t(No symbol) [0x00337961]\nE       \t(No symbol) [0x0021DD3D]\nE       \t(No symbol) [0x00221F90]\nE       \t(No symbol) [0x00223AC2]\nE       \t(No symbol) [0x00223B50]\nE       \t(No symbol) [0x00255D19]\nE       \t(No symbol) [0x002560FB]\nE       \t(No symbol) [0x0024DAD1]\nE       \t(No symbol) [0x00274534]\nE       \t(No symbol) [0x0024DA4E]\nE       \t(No symbol) [0x00274784]\nE       \t(No symbol) [0x0028B3FE]\nE       \t(No symbol) [0x00274286]\nE       \t(No symbol) [0x0024C063]\nE       \t(No symbol) [0x0024CECD]\nE       \tGetHandleVerifier [0x006C8D83+3294723]\nE       \tGetHandleVerifier [0x00706CC2+3548482]\nE       \tGetHandleVerifier [0x00701C9C+3527964]\nE       \tGetHandleVerifier [0x0044870E+671630]\nE       \t(No symbol) [0x00341EB4]\nE       \t(No symbol) [0x0033D808]\nE       \t(No symbol) [0x0033D92D]\nE       \t(No symbol) [0x0032F7E0]\nE       \tBaseThreadInitThunk [0x75FFFCC9+25]\nE       \tRtlGetAppContainerNamedObjectPath [0x77637B1E+286]\nE       \tRtlGetAppContainerNamedObjectPath [0x77637AEE+238]\n\n..\\..\\venv\\Lib\\site-packages\\selenium\\webdriver\\remote\\errorhandler.py:229: InvalidSelectorException"}, "steps": [{"name": "Авторизовываюсь под базовым пользователем", "status": "passed", "steps": [{"name": "Нахожу элемент по селектору ('css selector', '#username')", "status": "passed", "parameters": [{"name": "locator", "value": "('css selector', '#username')"}, {"name": "second", "value": "10"}], "start": 1708077119898, "stop": 1708077119918}, {"name": "Нахожу элемент по селектору ('css selector', '#password')", "status": "passed", "parameters": [{"name": "locator", "value": "('css selector', '#password')"}, {"name": "second", "value": "10"}], "start": 1708077120001, "stop": 1708077120024}, {"name": "Нахожу элемент по селектору ('css selector', 'form button[type=\"submit\"]')", "status": "passed", "parameters": [{"name": "locator", "value": "('css selector', 'form button[type=\"submit\"]')"}, {"name": "second", "value": "10"}], "start": 1708077120110, "stop": 1708077120123}], "start": 1708077119898, "stop": 1708077122579}, {"name": "Выбрать РФ по имени 'РФ Саратовский'", "status": "passed", "steps": [{"name": "Выбираю с ожиданием элемент списка по локатору ('css selector', 'select#rfId') по контексту 'РФ Саратовский'", "status": "passed", "steps": [{"name": "Нахожу элемент по селектору ('css selector', 'select#rfId')", "status": "passed", "parameters": [{"name": "locator", "value": "('css selector', 'select#rfId')"}, {"name": "second", "value": "10"}], "start": 1708077123696, "stop": 1708077123827}, {"name": "Нахожу элемент по селектору ('css selector', 'select#rfId ~ div')", "status": "passed", "parameters": [{"name": "locator", "value": "('css selector', 'select#rfId ~ div')"}, {"name": "second", "value": "10"}], "start": 1708077123845, "stop": 1708077123857}, {"name": "Нахожу элемент по селектору ('css selector', 'select#rfId ~ div .suggest--input-field')", "status": "passed", "parameters": [{"name": "locator", "value": "('css selector', 'select#rfId ~ div .suggest--input-field')"}, {"name": "second", "value": "10"}], "start": 1708077126032, "stop": 1708077126050}, {"name": "Нахожу элемент по селектору ('css selector', 'select#rfId ~ div .suggest--option')", "status": "passed", "parameters": [{"name": "locator", "value": "('css selector', 'select#rfId ~ div .suggest--option')"}, {"name": "second", "value": "10"}], "start": 1708077128142, "stop": 1708077128160}], "parameters": [{"name": "locator", "value": "('css selector', 'select#rfId')"}, {"name": "value", "value": "'РФ Саратовский'"}], "start": 1708077123696, "stop": 1708077128234}], "parameters": [{"name": "rf_name", "value": "'РФ Саратовский'"}], "start": 1708077123695, "stop": 1708077128234}, {"name": "Выбрать тип наличие ШПД 'Нет'", "status": "broken", "statusDetails": {"message": "selenium.common.exceptions.InvalidSelectorException: Message: invalid selector: Unable to locate an element with the xpath expression //option[contains(text(), \"Нет\"] because of the following error:\nSyntaxError: Failed to execute 'evaluate' on 'Document': The string '//option[contains(text(), \"Нет\"]' is not a valid XPath expression.\n  (Session info: chrome=121.0.6167.161); For documentation on this error, please visit: https://www.selenium.dev/documentation/webdriver/troubleshooting/errors#invalid-selector-exception\nStacktrace:\n\tGetHandleVerifier [0x003B1673+52979]\n\t(No symbol) [0x00337961]\n\t(No symbol) [0x0021DD3D]\n\t(No symbol) [0x00221F90]\n\t(No symbol) [0x00223AC2]\n\t(No symbol) [0x00223B50]\n\t(No symbol) [0x00255D19]\n\t(No symbol) [0x002560FB]\n\t(No symbol) [0x0024DAD1]\n\t(No symbol) [0x00274534]\n\t(No symbol) [0x0024DA4E]\n\t(No symbol) [0x00274784]\n\t(No symbol) [0x0028B3FE]\n\t(No symbol) [0x00274286]\n\t(No symbol) [0x0024C063]\n\t(No symbol) [0x0024CECD]\n\tGetHandleVerifier [0x006C8D83+3294723]\n\tGetHandleVerifier [0x00706CC2+3548482]\n\tGetHandleVerifier [0x00701C9C+3527964]\n\tGetHandleVerifier [0x0044870E+671630]\n\t(No symbol) [0x00341EB4]\n\t(No symbol) [0x0033D808]\n\t(No symbol) [0x0033D92D]\n\t(No symbol) [0x0032F7E0]\n\tBaseThreadInitThunk [0x75FFFCC9+25]\n\tRtlGetAppContainerNamedObjectPath [0x77637B1E+286]\n\tRtlGetAppContainerNamedObjectPath [0x77637AEE+238]\n\n", "trace": "  File \"C:\\Users\\Anton.S.Malyuga\\PycharmProjects\\Develop\\Hermes\\venv\\Lib\\site-packages\\allure_commons\\_allure.py\", line 192, in impl\n    return func(*a, **kw)\n           ^^^^^^^^^^^^^^\n  File \"C:\\Users\\Anton.S.Malyuga\\PycharmProjects\\Develop\\Hermes\\page_objects\\b2cCreateConstructionProjectShow.py\", line 56, in selected_is_need_broad\n    self.selected_element_by_value(locator=self._LOCATOR_SELECT_IS_NEED_BROAD_BAND,\n  File \"C:\\Users\\Anton.S.Malyuga\\PycharmProjects\\Develop\\Hermes\\venv\\Lib\\site-packages\\allure_commons\\_allure.py\", line 192, in impl\n    return func(*a, **kw)\n           ^^^^^^^^^^^^^^\n  File \"C:\\Users\\Anton.S.Malyuga\\PycharmProjects\\Develop\\Hermes\\page_objects\\BasePage.py\", line 51, in selected_element_by_value\n    select.find_element(By.XPATH, f'//option[contains(text(), \"{value}\"]').click()\n    ^^^^^^^^^^^^^^^^^^^^^^^^^^^^^^^^^^^^^^^^^^^^^^^^^^^^^^^^^^^^^^^^^^^^^^\n  File \"C:\\Users\\Anton.S.Malyuga\\PycharmProjects\\Develop\\Hermes\\venv\\Lib\\site-packages\\selenium\\webdriver\\remote\\webelement.py\", line 416, in find_element\n    return self._execute(Command.FIND_CHILD_ELEMENT, {\"using\": by, \"value\": value})[\"value\"]\n           ^^^^^^^^^^^^^^^^^^^^^^^^^^^^^^^^^^^^^^^^^^^^^^^^^^^^^^^^^^^^^^^^^^^^^^^^\n  File \"C:\\Users\\Anton.S.Malyuga\\PycharmProjects\\Develop\\Hermes\\venv\\Lib\\site-packages\\selenium\\webdriver\\remote\\webelement.py\", line 394, in _execute\n    return self._parent.execute(command, params)\n           ^^^^^^^^^^^^^^^^^^^^^^^^^^^^^^^^^^^^^\n  File \"C:\\Users\\Anton.S.Malyuga\\PycharmProjects\\Develop\\Hermes\\venv\\Lib\\site-packages\\selenium\\webdriver\\remote\\webdriver.py\", line 347, in execute\n    self.error_handler.check_response(response)\n  File \"C:\\Users\\Anton.S.Malyuga\\PycharmProjects\\Develop\\Hermes\\venv\\Lib\\site-packages\\selenium\\webdriver\\remote\\errorhandler.py\", line 229, in check_response\n    raise exception_class(message, screen, stacktrace)\n"}, "steps": [{"name": "Выбираю с ожиданием элемент списка по локатору ('css selector', '#needBroadband') по контексту 'Нет'", "status": "broken", "statusDetails": {"message": "selenium.common.exceptions.InvalidSelectorException: Message: invalid selector: Unable to locate an element with the xpath expression //option[contains(text(), \"Нет\"] because of the following error:\nSyntaxError: Failed to execute 'evaluate' on 'Document': The string '//option[contains(text(), \"Нет\"]' is not a valid XPath expression.\n  (Session info: chrome=121.0.6167.161); For documentation on this error, please visit: https://www.selenium.dev/documentation/webdriver/troubleshooting/errors#invalid-selector-exception\nStacktrace:\n\tGetHandleVerifier [0x003B1673+52979]\n\t(No symbol) [0x00337961]\n\t(No symbol) [0x0021DD3D]\n\t(No symbol) [0x00221F90]\n\t(No symbol) [0x00223AC2]\n\t(No symbol) [0x00223B50]\n\t(No symbol) [0x00255D19]\n\t(No symbol) [0x002560FB]\n\t(No symbol) [0x0024DAD1]\n\t(No symbol) [0x00274534]\n\t(No symbol) [0x0024DA4E]\n\t(No symbol) [0x00274784]\n\t(No symbol) [0x0028B3FE]\n\t(No symbol) [0x00274286]\n\t(No symbol) [0x0024C063]\n\t(No symbol) [0x0024CECD]\n\tGetHandleVerifier [0x006C8D83+3294723]\n\tGetHandleVerifier [0x00706CC2+3548482]\n\tGetHandleVerifier [0x00701C9C+3527964]\n\tGetHandleVerifier [0x0044870E+671630]\n\t(No symbol) [0x00341EB4]\n\t(No symbol) [0x0033D808]\n\t(No symbol) [0x0033D92D]\n\t(No symbol) [0x0032F7E0]\n\tBaseThreadInitThunk [0x75FFFCC9+25]\n\tRtlGetAppContainerNamedObjectPath [0x77637B1E+286]\n\tRtlGetAppContainerNamedObjectPath [0x77637AEE+238]\n\n", "trace": "  File \"C:\\Users\\Anton.S.Malyuga\\PycharmProjects\\Develop\\Hermes\\venv\\Lib\\site-packages\\allure_commons\\_allure.py\", line 192, in impl\n    return func(*a, **kw)\n           ^^^^^^^^^^^^^^\n  File \"C:\\Users\\Anton.S.Malyuga\\PycharmProjects\\Develop\\Hermes\\page_objects\\BasePage.py\", line 51, in selected_element_by_value\n    select.find_element(By.XPATH, f'//option[contains(text(), \"{value}\"]').click()\n    ^^^^^^^^^^^^^^^^^^^^^^^^^^^^^^^^^^^^^^^^^^^^^^^^^^^^^^^^^^^^^^^^^^^^^^\n  File \"C:\\Users\\Anton.S.Malyuga\\PycharmProjects\\Develop\\Hermes\\venv\\Lib\\site-packages\\selenium\\webdriver\\remote\\webelement.py\", line 416, in find_element\n    return self._execute(Command.FIND_CHILD_ELEMENT, {\"using\": by, \"value\": value})[\"value\"]\n           ^^^^^^^^^^^^^^^^^^^^^^^^^^^^^^^^^^^^^^^^^^^^^^^^^^^^^^^^^^^^^^^^^^^^^^^^\n  File \"C:\\Users\\Anton.S.Malyuga\\PycharmProjects\\Develop\\Hermes\\venv\\Lib\\site-packages\\selenium\\webdriver\\remote\\webelement.py\", line 394, in _execute\n    return self._parent.execute(command, params)\n           ^^^^^^^^^^^^^^^^^^^^^^^^^^^^^^^^^^^^^\n  File \"C:\\Users\\Anton.S.Malyuga\\PycharmProjects\\Develop\\Hermes\\venv\\Lib\\site-packages\\selenium\\webdriver\\remote\\webdriver.py\", line 347, in execute\n    self.error_handler.check_response(response)\n  File \"C:\\Users\\Anton.S.Malyuga\\PycharmProjects\\Develop\\Hermes\\venv\\Lib\\site-packages\\selenium\\webdriver\\remote\\errorhandler.py\", line 229, in check_response\n    raise exception_class(message, screen, stacktrace)\n"}, "steps": [{"name": "Нахожу элемент по селектору ('css selector', '#needBroadband')", "status": "passed", "parameters": [{"name": "locator", "value": "('css selector', '#needBroadband')"}, {"name": "second", "value": "10"}], "start": 1708077128235, "stop": 1708077128259}], "parameters": [{"name": "locator", "value": "('css selector', '#needBroadband')"}, {"name": "value", "value": "'Нет'"}], "start": 1708077128235, "stop": 1708077128321}], "parameters": [{"name": "is_need_broad", "value": "'Нет'"}], "start": 1708077128235, "stop": 1708077128323}], "start": 1708077119898, "stop": 1708077128324, "uuid": "7f414163-f0df-4a18-8dfe-73d021ba5b1c", "historyId": "7b17ce76f0a8afccd9146fde65de5afe", "testCaseId": "7b17ce76f0a8afccd9146fde65de5afe", "fullName": "tests.end2end.test_end_2_end_project_b2c#test_end_2_end_project_b2c", "labels": [{"name": "feature", "value": "Форма создания строительного проекта B2C"}, {"name": "parentSuite", "value": "tests.end2end"}, {"name": "suite", "value": "test_end_2_end_project_b2c"}, {"name": "host", "value": "WGD02RTI2189"}, {"name": "thread", "value": "31228-MainThread"}, {"name": "framework", "value": "pytest"}, {"name": "language", "value": "cpython3"}, {"name": "package", "value": "tests.end2end.test_end_2_end_project_b2c"}]}