{"name": "Проработка строительного проекта", "status": "broken", "statusDetails": {"message": "selenium.common.exceptions.ElementClickInterceptedException: Message: element click intercepted: Element <div class=\"suggest form-control input-sm js--submit-onchange\" tabindex=\"0\" title=\"\">...</div> is not clickable at point (296, 320). Other element would receive the click: <div class=\"h-loader h-loader--show-mask h-loader--show-loader\">...</div>\n  (Session info: chrome=122.0.6261.57)\nStacktrace:\n\tGetHandleVerifier [0x008E8CD3+51395]\n\t(No symbol) [0x00855F31]\n\t(No symbol) [0x0070E13A]\n\t(No symbol) [0x0074B8A2]\n\t(No symbol) [0x0074A0D4]\n\t(No symbol) [0x0074813B]\n\t(No symbol) [0x0074731A]\n\t(No symbol) [0x0073E54E]\n\t(No symbol) [0x00763E8C]\n\t(No symbol) [0x0073DF7E]\n\t(No symbol) [0x00764124]\n\t(No symbol) [0x0077A570]\n\t(No symbol) [0x00763C26]\n\t(No symbol) [0x0073C629]\n\t(No symbol) [0x0073D40D]\n\tGetHandleVerifier [0x00C66493+3711107]\n\tGetHandleVerifier [0x00CA587A+3970154]\n\tGetHandleVerifier [0x00CA0B68+3950424]\n\tGetHandleVerifier [0x00999CD9+776393]\n\t(No symbol) [0x00861704]\n\t(No symbol) [0x0085C5E8]\n\t(No symbol) [0x0085C799]\n\t(No symbol) [0x0084DDC0]\n\tBaseThreadInitThunk [0x7632FCC9+25]\n\tRtlGetAppContainerNamedObjectPath [0x770E7B1E+286]\n\tRtlGetAppContainerNamedObjectPath [0x770E7AEE+238]", "trace": "driver = <selenium.webdriver.chrome.webdriver.WebDriver (session=\"981dffee8dc18dba0648bfff632a6532\")>\n\n    @allure.feature('Форма создания строительного проекта B2C')\n    @allure.title('Проработка строительного проекта')\n    def test_end_2_end_project_b2c(driver):\n    \n        works = {\n            'Восстановление поврежденного канала кабельной канализации': {\n                'type': 'СМР',\n                'qty': 12,\n                'natural_indicator': 'Точки доступа'\n            },\n            'Восстановление газонного покрытия': {\n                'type': 'СМР',\n                'qty': 10,\n                'natural_indicator': 'Точки доступа'\n            }\n        }\n    \n        UserLoginForm(driver).autorization_default()\n        driver.get('https://hermes-test.rt.ru/b2c/create_construction_project_show')\n        B2CCreateConstructionProjectShow(driver).selected_rf('РФ Саратовский')\n        B2CCreateConstructionProjectShow(driver).selected_is_need_broad('Нет')\n>       B2CCreateConstructionProjectShow(driver).selected_type_construct('Новостройка')\n\ntest_end_2_end_project_b2c.py:32: \n_ _ _ _ _ _ _ _ _ _ _ _ _ _ _ _ _ _ _ _ _ _ _ _ _ _ _ _ _ _ _ _ _ _ _ _ _ _ _ _\n..\\..\\page_objects\\b2cCreateConstructionProjectShow.py:53: in selected_type_construct\n    self.selected_element_by_value(locator=self._LOCATOR_SELECT_TYPE_BUILD_TYPE, value=value)\n..\\..\\page_objects\\BasePage.py:69: in selected_element_by_value\n    self.find_element((By.CSS_SELECTOR, f'{locator[1]} ~ div')).click()\n..\\..\\venv\\Lib\\site-packages\\selenium\\webdriver\\remote\\webelement.py:93: in click\n    self._execute(Command.CLICK_ELEMENT)\n..\\..\\venv\\Lib\\site-packages\\selenium\\webdriver\\remote\\webelement.py:394: in _execute\n    return self._parent.execute(command, params)\n..\\..\\venv\\Lib\\site-packages\\selenium\\webdriver\\remote\\webdriver.py:347: in execute\n    self.error_handler.check_response(response)\n_ _ _ _ _ _ _ _ _ _ _ _ _ _ _ _ _ _ _ _ _ _ _ _ _ _ _ _ _ _ _ _ _ _ _ _ _ _ _ _\n\nself = <selenium.webdriver.remote.errorhandler.ErrorHandler object at 0x00000223DC61A210>\nresponse = {'status': 400, 'value': '{\"value\":{\"error\":\"element click intercepted\",\"message\":\"element click intercepted: Element ...\\n\\\\tRtlGetAppContainerNamedObjectPath [0x770E7B1E+286]\\\\n\\\\tRtlGetAppContainerNamedObjectPath [0x770E7AEE+238]\\\\n\"}}'}\n\n    def check_response(self, response: Dict[str, Any]) -> None:\n        \"\"\"Checks that a JSON response from the WebDriver does not have an\n        error.\n    \n        :Args:\n         - response - The JSON response from the WebDriver server as a dictionary\n           object.\n    \n        :Raises: If the response contains an error message.\n        \"\"\"\n        status = response.get(\"status\", None)\n        if not status or status == ErrorCode.SUCCESS:\n            return\n        value = None\n        message = response.get(\"message\", \"\")\n        screen: str = response.get(\"screen\", \"\")\n        stacktrace = None\n        if isinstance(status, int):\n            value_json = response.get(\"value\", None)\n            if value_json and isinstance(value_json, str):\n                import json\n    \n                try:\n                    value = json.loads(value_json)\n                    if len(value) == 1:\n                        value = value[\"value\"]\n                    status = value.get(\"error\", None)\n                    if not status:\n                        status = value.get(\"status\", ErrorCode.UNKNOWN_ERROR)\n                        message = value.get(\"value\") or value.get(\"message\")\n                        if not isinstance(message, str):\n                            value = message\n                            message = message.get(\"message\")\n                    else:\n                        message = value.get(\"message\", None)\n                except ValueError:\n                    pass\n    \n        exception_class: Type[WebDriverException]\n        e = ErrorCode()\n        error_codes = [item for item in dir(e) if not item.startswith(\"__\")]\n        for error_code in error_codes:\n            error_info = getattr(ErrorCode, error_code)\n            if isinstance(error_info, list) and status in error_info:\n                exception_class = getattr(ExceptionMapping, error_code, WebDriverException)\n                break\n        else:\n            exception_class = WebDriverException\n    \n        if not value:\n            value = response[\"value\"]\n        if isinstance(value, str):\n            raise exception_class(value)\n        if message == \"\" and \"message\" in value:\n            message = value[\"message\"]\n    \n        screen = None  # type: ignore[assignment]\n        if \"screen\" in value:\n            screen = value[\"screen\"]\n    \n        stacktrace = None\n        st_value = value.get(\"stackTrace\") or value.get(\"stacktrace\")\n        if st_value:\n            if isinstance(st_value, str):\n                stacktrace = st_value.split(\"\\n\")\n            else:\n                stacktrace = []\n                try:\n                    for frame in st_value:\n                        line = frame.get(\"lineNumber\", \"\")\n                        file = frame.get(\"fileName\", \"<anonymous>\")\n                        if line:\n                            file = f\"{file}:{line}\"\n                        meth = frame.get(\"methodName\", \"<anonymous>\")\n                        if \"className\" in frame:\n                            meth = f\"{frame['className']}.{meth}\"\n                        msg = \"    at %s (%s)\"\n                        msg = msg % (meth, file)\n                        stacktrace.append(msg)\n                except TypeError:\n                    pass\n        if exception_class == UnexpectedAlertPresentException:\n            alert_text = None\n            if \"data\" in value:\n                alert_text = value[\"data\"].get(\"text\")\n            elif \"alert\" in value:\n                alert_text = value[\"alert\"].get(\"text\")\n            raise exception_class(message, screen, stacktrace, alert_text)  # type: ignore[call-arg]  # mypy is not smart enough here\n>       raise exception_class(message, screen, stacktrace)\nE       selenium.common.exceptions.ElementClickInterceptedException: Message: element click intercepted: Element <div class=\"suggest form-control input-sm js--submit-onchange\" tabindex=\"0\" title=\"\">...</div> is not clickable at point (296, 320). Other element would receive the click: <div class=\"h-loader h-loader--show-mask h-loader--show-loader\">...</div>\nE         (Session info: chrome=122.0.6261.57)\nE       Stacktrace:\nE       \tGetHandleVerifier [0x008E8CD3+51395]\nE       \t(No symbol) [0x00855F31]\nE       \t(No symbol) [0x0070E13A]\nE       \t(No symbol) [0x0074B8A2]\nE       \t(No symbol) [0x0074A0D4]\nE       \t(No symbol) [0x0074813B]\nE       \t(No symbol) [0x0074731A]\nE       \t(No symbol) [0x0073E54E]\nE       \t(No symbol) [0x00763E8C]\nE       \t(No symbol) [0x0073DF7E]\nE       \t(No symbol) [0x00764124]\nE       \t(No symbol) [0x0077A570]\nE       \t(No symbol) [0x00763C26]\nE       \t(No symbol) [0x0073C629]\nE       \t(No symbol) [0x0073D40D]\nE       \tGetHandleVerifier [0x00C66493+3711107]\nE       \tGetHandleVerifier [0x00CA587A+3970154]\nE       \tGetHandleVerifier [0x00CA0B68+3950424]\nE       \tGetHandleVerifier [0x00999CD9+776393]\nE       \t(No symbol) [0x00861704]\nE       \t(No symbol) [0x0085C5E8]\nE       \t(No symbol) [0x0085C799]\nE       \t(No symbol) [0x0084DDC0]\nE       \tBaseThreadInitThunk [0x7632FCC9+25]\nE       \tRtlGetAppContainerNamedObjectPath [0x770E7B1E+286]\nE       \tRtlGetAppContainerNamedObjectPath [0x770E7AEE+238]\n\n..\\..\\venv\\Lib\\site-packages\\selenium\\webdriver\\remote\\errorhandler.py:229: ElementClickInterceptedException"}, "steps": [{"name": "Авторизовываюсь под базовым пользователем", "status": "passed", "steps": [{"name": "Нахожу элемент по селектору ('css selector', '#username')", "status": "passed", "parameters": [{"name": "locator", "value": "('css selector', '#username')"}, {"name": "second", "value": "10"}], "start": 1708948095236, "stop": 1708948095252}, {"name": "Нахожу элемент по селектору ('css selector', '#password')", "status": "passed", "parameters": [{"name": "locator", "value": "('css selector', '#password')"}, {"name": "second", "value": "10"}], "start": 1708948095309, "stop": 1708948095322}, {"name": "Нахожу элемент по селектору ('css selector', 'form button[type=\"submit\"]')", "status": "passed", "parameters": [{"name": "locator", "value": "('css selector', 'form button[type=\"submit\"]')"}, {"name": "second", "value": "10"}], "start": 1708948095409, "stop": 1708948095423}], "start": 1708948095235, "stop": 1708948097645}, {"name": "Выбрать РФ по имени 'РФ Саратовский'", "status": "passed", "steps": [{"name": "Выбираю с ожиданием элемент списка по локатору ('css selector', 'select#rfId') по контексту 'РФ Саратовский'", "status": "passed", "steps": [{"name": "Нахожу элемент по селектору ('css selector', 'select#rfId')", "status": "passed", "parameters": [{"name": "locator", "value": "('css selector', 'select#rfId')"}, {"name": "second", "value": "10"}], "start": 1708948101736, "stop": 1708948101816}, {"name": "Нахожу элемент по селектору ('css selector', 'select#rfId ~ div')", "status": "passed", "parameters": [{"name": "locator", "value": "('css selector', 'select#rfId ~ div')"}, {"name": "second", "value": "10"}], "start": 1708948101831, "stop": 1708948101841}, {"name": "Нахожу элемент по селектору ('css selector', 'select#rfId ~ div .suggest--input-field')", "status": "passed", "parameters": [{"name": "locator", "value": "('css selector', 'select#rfId ~ div .suggest--input-field')"}, {"name": "second", "value": "10"}], "start": 1708948104082, "stop": 1708948104100}, {"name": "Нахожу элемент по селектору ('css selector', 'select#rfId ~ div .suggest--option')", "status": "passed", "parameters": [{"name": "locator", "value": "('css selector', 'select#rfId ~ div .suggest--option')"}, {"name": "second", "value": "10"}], "start": 1708948106185, "stop": 1708948106218}], "parameters": [{"name": "locator", "value": "('css selector', 'select#rfId')"}, {"name": "value", "value": "'РФ Саратовский'"}], "start": 1708948101736, "stop": 1708948106315}], "parameters": [{"name": "rf_name", "value": "'РФ Саратовский'"}], "start": 1708948101736, "stop": 1708948106315}, {"name": "Выбрать тип наличие ШПД 'Нет'", "status": "passed", "steps": [{"name": "Выбираю с ожиданием элемент списка по локатору ('css selector', '#needBroadband') по контексту 'Нет'", "status": "passed", "steps": [{"name": "Нахожу элемент по селектору ('css selector', '#needBroadband')", "status": "passed", "parameters": [{"name": "locator", "value": "('css selector', '#needBroadband')"}, {"name": "second", "value": "10"}], "start": 1708948106316, "stop": 1708948106334}], "parameters": [{"name": "locator", "value": "('css selector', '#needBroadband')"}, {"name": "value", "value": "'Нет'"}], "start": 1708948106316, "stop": 1708948106503}], "parameters": [{"name": "is_need_broad", "value": "'Нет'"}], "start": 1708948106315, "stop": 1708948106503}, {"name": "Выбрать тип строительства по индексу 'Новостройка'", "status": "broken", "statusDetails": {"message": "selenium.common.exceptions.ElementClickInterceptedException: Message: element click intercepted: Element <div class=\"suggest form-control input-sm js--submit-onchange\" tabindex=\"0\" title=\"\">...</div> is not clickable at point (296, 320). Other element would receive the click: <div class=\"h-loader h-loader--show-mask h-loader--show-loader\">...</div>\n  (Session info: chrome=122.0.6261.57)\nStacktrace:\n\tGetHandleVerifier [0x008E8CD3+51395]\n\t(No symbol) [0x00855F31]\n\t(No symbol) [0x0070E13A]\n\t(No symbol) [0x0074B8A2]\n\t(No symbol) [0x0074A0D4]\n\t(No symbol) [0x0074813B]\n\t(No symbol) [0x0074731A]\n\t(No symbol) [0x0073E54E]\n\t(No symbol) [0x00763E8C]\n\t(No symbol) [0x0073DF7E]\n\t(No symbol) [0x00764124]\n\t(No symbol) [0x0077A570]\n\t(No symbol) [0x00763C26]\n\t(No symbol) [0x0073C629]\n\t(No symbol) [0x0073D40D]\n\tGetHandleVerifier [0x00C66493+3711107]\n\tGetHandleVerifier [0x00CA587A+3970154]\n\tGetHandleVerifier [0x00CA0B68+3950424]\n\tGetHandleVerifier [0x00999CD9+776393]\n\t(No symbol) [0x00861704]\n\t(No symbol) [0x0085C5E8]\n\t(No symbol) [0x0085C799]\n\t(No symbol) [0x0084DDC0]\n\tBaseThreadInitThunk [0x7632FCC9+25]\n\tRtlGetAppContainerNamedObjectPath [0x770E7B1E+286]\n\tRtlGetAppContainerNamedObjectPath [0x770E7AEE+238]\n\n", "trace": "  File \"C:\\Users\\Anton.S.Malyuga\\PycharmProjects\\Develop\\Hermes\\venv\\Lib\\site-packages\\allure_commons\\_allure.py\", line 192, in impl\n    return func(*a, **kw)\n           ^^^^^^^^^^^^^^\n  File \"C:\\Users\\Anton.S.Malyuga\\PycharmProjects\\Develop\\Hermes\\page_objects\\b2cCreateConstructionProjectShow.py\", line 53, in selected_type_construct\n    self.selected_element_by_value(locator=self._LOCATOR_SELECT_TYPE_BUILD_TYPE, value=value)\n  File \"C:\\Users\\Anton.S.Malyuga\\PycharmProjects\\Develop\\Hermes\\venv\\Lib\\site-packages\\allure_commons\\_allure.py\", line 192, in impl\n    return func(*a, **kw)\n           ^^^^^^^^^^^^^^\n  File \"C:\\Users\\Anton.S.Malyuga\\PycharmProjects\\Develop\\Hermes\\page_objects\\BasePage.py\", line 69, in selected_element_by_value\n    self.find_element((By.CSS_SELECTOR, f'{locator[1]} ~ div')).click()\n  File \"C:\\Users\\Anton.S.Malyuga\\PycharmProjects\\Develop\\Hermes\\venv\\Lib\\site-packages\\selenium\\webdriver\\remote\\webelement.py\", line 93, in click\n    self._execute(Command.CLICK_ELEMENT)\n  File \"C:\\Users\\Anton.S.Malyuga\\PycharmProjects\\Develop\\Hermes\\venv\\Lib\\site-packages\\selenium\\webdriver\\remote\\webelement.py\", line 394, in _execute\n    return self._parent.execute(command, params)\n           ^^^^^^^^^^^^^^^^^^^^^^^^^^^^^^^^^^^^^\n  File \"C:\\Users\\Anton.S.Malyuga\\PycharmProjects\\Develop\\Hermes\\venv\\Lib\\site-packages\\selenium\\webdriver\\remote\\webdriver.py\", line 347, in execute\n    self.error_handler.check_response(response)\n  File \"C:\\Users\\Anton.S.Malyuga\\PycharmProjects\\Develop\\Hermes\\venv\\Lib\\site-packages\\selenium\\webdriver\\remote\\errorhandler.py\", line 229, in check_response\n    raise exception_class(message, screen, stacktrace)\n"}, "steps": [{"name": "Выбираю с ожиданием элемент списка по локатору ('css selector', '#buildTypeId') по контексту 'Новостройка'", "status": "broken", "statusDetails": {"message": "selenium.common.exceptions.ElementClickInterceptedException: Message: element click intercepted: Element <div class=\"suggest form-control input-sm js--submit-onchange\" tabindex=\"0\" title=\"\">...</div> is not clickable at point (296, 320). Other element would receive the click: <div class=\"h-loader h-loader--show-mask h-loader--show-loader\">...</div>\n  (Session info: chrome=122.0.6261.57)\nStacktrace:\n\tGetHandleVerifier [0x008E8CD3+51395]\n\t(No symbol) [0x00855F31]\n\t(No symbol) [0x0070E13A]\n\t(No symbol) [0x0074B8A2]\n\t(No symbol) [0x0074A0D4]\n\t(No symbol) [0x0074813B]\n\t(No symbol) [0x0074731A]\n\t(No symbol) [0x0073E54E]\n\t(No symbol) [0x00763E8C]\n\t(No symbol) [0x0073DF7E]\n\t(No symbol) [0x00764124]\n\t(No symbol) [0x0077A570]\n\t(No symbol) [0x00763C26]\n\t(No symbol) [0x0073C629]\n\t(No symbol) [0x0073D40D]\n\tGetHandleVerifier [0x00C66493+3711107]\n\tGetHandleVerifier [0x00CA587A+3970154]\n\tGetHandleVerifier [0x00CA0B68+3950424]\n\tGetHandleVerifier [0x00999CD9+776393]\n\t(No symbol) [0x00861704]\n\t(No symbol) [0x0085C5E8]\n\t(No symbol) [0x0085C799]\n\t(No symbol) [0x0084DDC0]\n\tBaseThreadInitThunk [0x7632FCC9+25]\n\tRtlGetAppContainerNamedObjectPath [0x770E7B1E+286]\n\tRtlGetAppContainerNamedObjectPath [0x770E7AEE+238]\n\n", "trace": "  File \"C:\\Users\\Anton.S.Malyuga\\PycharmProjects\\Develop\\Hermes\\venv\\Lib\\site-packages\\allure_commons\\_allure.py\", line 192, in impl\n    return func(*a, **kw)\n           ^^^^^^^^^^^^^^\n  File \"C:\\Users\\Anton.S.Malyuga\\PycharmProjects\\Develop\\Hermes\\page_objects\\BasePage.py\", line 69, in selected_element_by_value\n    self.find_element((By.CSS_SELECTOR, f'{locator[1]} ~ div')).click()\n  File \"C:\\Users\\Anton.S.Malyuga\\PycharmProjects\\Develop\\Hermes\\venv\\Lib\\site-packages\\selenium\\webdriver\\remote\\webelement.py\", line 93, in click\n    self._execute(Command.CLICK_ELEMENT)\n  File \"C:\\Users\\Anton.S.Malyuga\\PycharmProjects\\Develop\\Hermes\\venv\\Lib\\site-packages\\selenium\\webdriver\\remote\\webelement.py\", line 394, in _execute\n    return self._parent.execute(command, params)\n           ^^^^^^^^^^^^^^^^^^^^^^^^^^^^^^^^^^^^^\n  File \"C:\\Users\\Anton.S.Malyuga\\PycharmProjects\\Develop\\Hermes\\venv\\Lib\\site-packages\\selenium\\webdriver\\remote\\webdriver.py\", line 347, in execute\n    self.error_handler.check_response(response)\n  File \"C:\\Users\\Anton.S.Malyuga\\PycharmProjects\\Develop\\Hermes\\venv\\Lib\\site-packages\\selenium\\webdriver\\remote\\errorhandler.py\", line 229, in check_response\n    raise exception_class(message, screen, stacktrace)\n"}, "steps": [{"name": "Нахожу элемент по селектору ('css selector', '#buildTypeId')", "status": "passed", "parameters": [{"name": "locator", "value": "('css selector', '#buildTypeId')"}, {"name": "second", "value": "10"}], "start": 1708948106503, "stop": 1708948106523}, {"name": "Нахожу элемент по селектору ('css selector', '#buildTypeId ~ div')", "status": "passed", "parameters": [{"name": "locator", "value": "('css selector', '#buildTypeId ~ div')"}, {"name": "second", "value": "10"}], "start": 1708948106538, "stop": 1708948106552}], "parameters": [{"name": "locator", "value": "('css selector', '#buildTypeId')"}, {"name": "value", "value": "'Новостройка'"}], "start": 1708948106503, "stop": 1708948107609}], "parameters": [{"name": "value", "value": "'Новостройка'"}], "start": 1708948106503, "stop": 1708948107611}], "start": 1708948095235, "stop": 1708948107613, "uuid": "1818e847-67df-4b63-81f6-a79af07a7f3b", "historyId": "7b17ce76f0a8afccd9146fde65de5afe", "testCaseId": "7b17ce76f0a8afccd9146fde65de5afe", "fullName": "tests.end2end.test_end_2_end_project_b2c#test_end_2_end_project_b2c", "labels": [{"name": "feature", "value": "Форма создания строительного проекта B2C"}, {"name": "parentSuite", "value": "tests.end2end"}, {"name": "suite", "value": "test_end_2_end_project_b2c"}, {"name": "host", "value": "WGD02RTI2189"}, {"name": "thread", "value": "1936-MainThread"}, {"name": "framework", "value": "pytest"}, {"name": "language", "value": "cpython3"}, {"name": "package", "value": "tests.end2end.test_end_2_end_project_b2c"}]}