{"name": "Проработка строительного проекта", "status": "broken", "statusDetails": {"message": "selenium.common.exceptions.ElementNotInteractableException: Message: element not interactable\n  (Session info: chrome=121.0.6167.140)\nStacktrace:\n\tGetHandleVerifier [0x00F31673+52979]\n\t(No symbol) [0x00EB7961]\n\t(No symbol) [0x00D9DC00]\n\t(No symbol) [0x00DD21D8]\n\t(No symbol) [0x00DD1299]\n\t(No symbol) [0x00DF44EC]\n\t(No symbol) [0x00DCDA4E]\n\t(No symbol) [0x00DF4784]\n\t(No symbol) [0x00E0B3FE]\n\t(No symbol) [0x00DF4286]\n\t(No symbol) [0x00DCC063]\n\t(No symbol) [0x00DCCECD]\n\tGetHandleVerifier [0x01248D83+3294723]\n\tGetHandleVerifier [0x01286CC2+3548482]\n\tGetHandleVerifier [0x01281C9C+3527964]\n\tGetHandleVerifier [0x00FC870E+671630]\n\t(No symbol) [0x00EC1EB4]\n\t(No symbol) [0x00EBD808]\n\t(No symbol) [0x00EBD92D]\n\t(No symbol) [0x00EAF7E0]\n\tBaseThreadInitThunk [0x75FFFCC9+25]\n\tRtlGetAppContainerNamedObjectPath [0x77637B1E+286]\n\tRtlGetAppContainerNamedObjectPath [0x77637AEE+238]", "trace": "driver = <selenium.webdriver.chrome.webdriver.WebDriver (session=\"0ff179b0aef9d18562314e5605d491a4\")>\n\n    @allure.feature('Форма создания строительного проекта B2C')\n    @allure.title('Проработка строительного проекта')\n    def test_end_2_end_project_b2c(driver):\n        UserLoginForm(driver).autorization_default()\n        driver.get('https://hermes-test.rt.ru/b2c/create_construction_project_show')\n        B2CCreateConstructionProjectShow(driver).selected_rf(49)\n        B2CCreateConstructionProjectShow(driver).selected_is_need_broad(1)\n        B2CCreateConstructionProjectShow(driver).selected_type_construct(1)\n        B2CCreateConstructionProjectShow(driver).selected_customer('111111111111', 0)\n        B2CCreateConstructionProjectShow(driver).enter_project_name('Автопрогон')\n>       B2CCreateConstructionProjectShow(driver).add_address('Саратов', 'Авиастроителей')\n\ntest_end_2_end_project_b2c.py:19: \n_ _ _ _ _ _ _ _ _ _ _ _ _ _ _ _ _ _ _ _ _ _ _ _ _ _ _ _ _ _ _ _ _ _ _ _ _ _ _ _\n..\\..\\page_objects\\b2cCreateConstructionProjectShow.py:58: in add_address\n    self.selected_ajax_element_by_index_after_value(css_selector=self._LOCATOR_SELECT_AJAX_MODAL_ADDRESS_CITY,\n..\\..\\page_objects\\BasePage.py:70: in selected_ajax_element_by_index_after_value\n    self.find_element(f'{css_selector} ~ div .suggest--input-field').send_keys(value)\n..\\..\\venv\\Lib\\site-packages\\selenium\\webdriver\\remote\\webelement.py:230: in send_keys\n    self._execute(\n..\\..\\venv\\Lib\\site-packages\\selenium\\webdriver\\remote\\webelement.py:394: in _execute\n    return self._parent.execute(command, params)\n..\\..\\venv\\Lib\\site-packages\\selenium\\webdriver\\remote\\webdriver.py:347: in execute\n    self.error_handler.check_response(response)\n_ _ _ _ _ _ _ _ _ _ _ _ _ _ _ _ _ _ _ _ _ _ _ _ _ _ _ _ _ _ _ _ _ _ _ _ _ _ _ _\n\nself = <selenium.webdriver.remote.errorhandler.ErrorHandler object at 0x0000026C5306E1D0>\nresponse = {'status': 400, 'value': '{\"value\":{\"error\":\"element not interactable\",\"message\":\"element not interactable\\\\n  (Sessio...\\n\\\\tRtlGetAppContainerNamedObjectPath [0x77637B1E+286]\\\\n\\\\tRtlGetAppContainerNamedObjectPath [0x77637AEE+238]\\\\n\"}}'}\n\n    def check_response(self, response: Dict[str, Any]) -> None:\n        \"\"\"Checks that a JSON response from the WebDriver does not have an\n        error.\n    \n        :Args:\n         - response - The JSON response from the WebDriver server as a dictionary\n           object.\n    \n        :Raises: If the response contains an error message.\n        \"\"\"\n        status = response.get(\"status\", None)\n        if not status or status == ErrorCode.SUCCESS:\n            return\n        value = None\n        message = response.get(\"message\", \"\")\n        screen: str = response.get(\"screen\", \"\")\n        stacktrace = None\n        if isinstance(status, int):\n            value_json = response.get(\"value\", None)\n            if value_json and isinstance(value_json, str):\n                import json\n    \n                try:\n                    value = json.loads(value_json)\n                    if len(value) == 1:\n                        value = value[\"value\"]\n                    status = value.get(\"error\", None)\n                    if not status:\n                        status = value.get(\"status\", ErrorCode.UNKNOWN_ERROR)\n                        message = value.get(\"value\") or value.get(\"message\")\n                        if not isinstance(message, str):\n                            value = message\n                            message = message.get(\"message\")\n                    else:\n                        message = value.get(\"message\", None)\n                except ValueError:\n                    pass\n    \n        exception_class: Type[WebDriverException]\n        e = ErrorCode()\n        error_codes = [item for item in dir(e) if not item.startswith(\"__\")]\n        for error_code in error_codes:\n            error_info = getattr(ErrorCode, error_code)\n            if isinstance(error_info, list) and status in error_info:\n                exception_class = getattr(ExceptionMapping, error_code, WebDriverException)\n                break\n        else:\n            exception_class = WebDriverException\n    \n        if not value:\n            value = response[\"value\"]\n        if isinstance(value, str):\n            raise exception_class(value)\n        if message == \"\" and \"message\" in value:\n            message = value[\"message\"]\n    \n        screen = None  # type: ignore[assignment]\n        if \"screen\" in value:\n            screen = value[\"screen\"]\n    \n        stacktrace = None\n        st_value = value.get(\"stackTrace\") or value.get(\"stacktrace\")\n        if st_value:\n            if isinstance(st_value, str):\n                stacktrace = st_value.split(\"\\n\")\n            else:\n                stacktrace = []\n                try:\n                    for frame in st_value:\n                        line = frame.get(\"lineNumber\", \"\")\n                        file = frame.get(\"fileName\", \"<anonymous>\")\n                        if line:\n                            file = f\"{file}:{line}\"\n                        meth = frame.get(\"methodName\", \"<anonymous>\")\n                        if \"className\" in frame:\n                            meth = f\"{frame['className']}.{meth}\"\n                        msg = \"    at %s (%s)\"\n                        msg = msg % (meth, file)\n                        stacktrace.append(msg)\n                except TypeError:\n                    pass\n        if exception_class == UnexpectedAlertPresentException:\n            alert_text = None\n            if \"data\" in value:\n                alert_text = value[\"data\"].get(\"text\")\n            elif \"alert\" in value:\n                alert_text = value[\"alert\"].get(\"text\")\n            raise exception_class(message, screen, stacktrace, alert_text)  # type: ignore[call-arg]  # mypy is not smart enough here\n>       raise exception_class(message, screen, stacktrace)\nE       selenium.common.exceptions.ElementNotInteractableException: Message: element not interactable\nE         (Session info: chrome=121.0.6167.140)\nE       Stacktrace:\nE       \tGetHandleVerifier [0x00F31673+52979]\nE       \t(No symbol) [0x00EB7961]\nE       \t(No symbol) [0x00D9DC00]\nE       \t(No symbol) [0x00DD21D8]\nE       \t(No symbol) [0x00DD1299]\nE       \t(No symbol) [0x00DF44EC]\nE       \t(No symbol) [0x00DCDA4E]\nE       \t(No symbol) [0x00DF4784]\nE       \t(No symbol) [0x00E0B3FE]\nE       \t(No symbol) [0x00DF4286]\nE       \t(No symbol) [0x00DCC063]\nE       \t(No symbol) [0x00DCCECD]\nE       \tGetHandleVerifier [0x01248D83+3294723]\nE       \tGetHandleVerifier [0x01286CC2+3548482]\nE       \tGetHandleVerifier [0x01281C9C+3527964]\nE       \tGetHandleVerifier [0x00FC870E+671630]\nE       \t(No symbol) [0x00EC1EB4]\nE       \t(No symbol) [0x00EBD808]\nE       \t(No symbol) [0x00EBD92D]\nE       \t(No symbol) [0x00EAF7E0]\nE       \tBaseThreadInitThunk [0x75FFFCC9+25]\nE       \tRtlGetAppContainerNamedObjectPath [0x77637B1E+286]\nE       \tRtlGetAppContainerNamedObjectPath [0x77637AEE+238]\n\n..\\..\\venv\\Lib\\site-packages\\selenium\\webdriver\\remote\\errorhandler.py:229: ElementNotInteractableException"}, "steps": [{"name": "Авторизовываюсь под базовым пользователем", "status": "passed", "steps": [{"name": "Нахожу элемент по селектору '#username'", "status": "passed", "parameters": [{"name": "css_selector", "value": "'#username'"}], "start": 1707142059566, "stop": 1707142059584}, {"name": "Нахожу элемент по селектору '#password'", "status": "passed", "parameters": [{"name": "css_selector", "value": "'#password'"}], "start": 1707142059630, "stop": 1707142059641}, {"name": "Нахожу элемент по селектору 'form button[type=\"submit\"]'", "status": "passed", "parameters": [{"name": "css_selector", "value": "'form button[type=\"submit\"]'"}], "start": 1707142059695, "stop": 1707142059708}], "start": 1707142059566, "stop": 1707142093335}, {"name": "Выбираю с ожиданием элемент списка по селектору 'select#rfId' с индексом 49", "status": "passed", "steps": [{"name": "Нахожу элемент по селектору 'select#rfId'", "status": "passed", "parameters": [{"name": "css_selector", "value": "'select#rfId'"}], "start": 1707142094594, "stop": 1707142094676}, {"name": "Нахожу элемент по селектору 'select#rfId ~ div'", "status": "passed", "parameters": [{"name": "css_selector", "value": "'select#rfId ~ div'"}], "start": 1707142094689, "stop": 1707142094698}, {"name": "Нахожу элемент по селектору 'select#rfId ~ div .suggest--option' после 10 секунд", "status": "passed", "parameters": [{"name": "css_selector", "value": "'select#rfId ~ div .suggest--option'"}, {"name": "second", "value": "10"}], "start": 1707142094984, "stop": 1707142095011}, {"name": "Нахожу элементы по селектору 'select#rfId ~ div .suggest--option'", "status": "passed", "parameters": [{"name": "css_selector", "value": "'select#rfId ~ div .suggest--option'"}], "start": 1707142095012, "stop": 1707142095032}], "parameters": [{"name": "css_selector", "value": "'select#rfId'"}, {"name": "index", "value": "49"}, {"name": "time_sleep", "value": "1"}], "start": 1707142094594, "stop": 1707142095101}, {"name": "Выбираю элемент по селектору '#needBroadband' с индексом 1", "status": "passed", "steps": [{"name": "Нахожу элемент по селектору '#needBroadband'", "status": "passed", "parameters": [{"name": "css_selector", "value": "'#needBroadband'"}], "start": 1707142095101, "stop": 1707142095118}], "parameters": [{"name": "css_selector", "value": "'#needBroadband'"}, {"name": "index", "value": "1"}], "start": 1707142095101, "stop": 1707142095259}, {"name": "Выбираю с ожиданием элемент списка по селектору '#buildTypeId' с индексом 1", "status": "passed", "steps": [{"name": "Нахожу элемент по селектору '#buildTypeId'", "status": "passed", "parameters": [{"name": "css_selector", "value": "'#buildTypeId'"}], "start": 1707142095260, "stop": 1707142095275}, {"name": "Нахожу элемент по селектору '#buildTypeId ~ div'", "status": "passed", "parameters": [{"name": "css_selector", "value": "'#buildTypeId ~ div'"}], "start": 1707142095291, "stop": 1707142095305}, {"name": "Нахожу элемент по селектору '#buildTypeId ~ div .suggest--option' после 10 секунд", "status": "passed", "parameters": [{"name": "css_selector", "value": "'#buildTypeId ~ div .suggest--option'"}, {"name": "second", "value": "10"}], "start": 1707142095501, "stop": 1707142095723}, {"name": "Нахожу элементы по селектору '#buildTypeId ~ div .suggest--option'", "status": "passed", "parameters": [{"name": "css_selector", "value": "'#buildTypeId ~ div .suggest--option'"}], "start": 1707142095723, "stop": 1707142095732}], "parameters": [{"name": "css_selector", "value": "'#buildTypeId'"}, {"name": "index", "value": "1"}, {"name": "time_sleep", "value": "1"}], "start": 1707142095260, "stop": 1707142095777}, {"name": "Выбираю с ожиданием элемент списка по селектору '#customerId' с индексом 0 по контексту '111111111111'", "status": "passed", "steps": [{"name": "Нахожу элемент по селектору '#customerId ~ div'", "status": "passed", "parameters": [{"name": "css_selector", "value": "'#customerId ~ div'"}], "start": 1707142095777, "stop": 1707142096686}, {"name": "Нахожу элемент по селектору '#customerId ~ div .suggest--input-field'", "status": "passed", "parameters": [{"name": "css_selector", "value": "'#customerId ~ div .suggest--input-field'"}], "start": 1707142096747, "stop": 1707142096762}, {"name": "Нахожу элементы по селектору '#customerId ~ div .suggest--option'", "status": "passed", "parameters": [{"name": "css_selector", "value": "'#customerId ~ div .suggest--option'"}], "start": 1707142098822, "stop": 1707142098836}], "parameters": [{"name": "css_selector", "value": "'#customerId'"}, {"name": "value", "value": "'111111111111'"}, {"name": "index", "value": "0"}, {"name": "time_sleep", "value": "2"}], "start": 1707142095777, "stop": 1707142098888}, {"name": "Нахожу элемент по селектору '#projectName'", "status": "passed", "parameters": [{"name": "css_selector", "value": "'#projectName'"}], "start": 1707142098889, "stop": 1707142098908}, {"name": "Нахожу элемент по селектору '.btn-group button'", "status": "passed", "parameters": [{"name": "css_selector", "value": "'.btn-group button'"}], "start": 1707142099089, "stop": 1707142099104}, {"name": "Выбираю с ожиданием элемент списка по селектору '.modal-content [id^=city]' с индексом 0 по контексту 'Саратов'", "status": "broken", "statusDetails": {"message": "selenium.common.exceptions.ElementNotInteractableException: Message: element not interactable\n  (Session info: chrome=121.0.6167.140)\nStacktrace:\n\tGetHandleVerifier [0x00F31673+52979]\n\t(No symbol) [0x00EB7961]\n\t(No symbol) [0x00D9DC00]\n\t(No symbol) [0x00DD21D8]\n\t(No symbol) [0x00DD1299]\n\t(No symbol) [0x00DF44EC]\n\t(No symbol) [0x00DCDA4E]\n\t(No symbol) [0x00DF4784]\n\t(No symbol) [0x00E0B3FE]\n\t(No symbol) [0x00DF4286]\n\t(No symbol) [0x00DCC063]\n\t(No symbol) [0x00DCCECD]\n\tGetHandleVerifier [0x01248D83+3294723]\n\tGetHandleVerifier [0x01286CC2+3548482]\n\tGetHandleVerifier [0x01281C9C+3527964]\n\tGetHandleVerifier [0x00FC870E+671630]\n\t(No symbol) [0x00EC1EB4]\n\t(No symbol) [0x00EBD808]\n\t(No symbol) [0x00EBD92D]\n\t(No symbol) [0x00EAF7E0]\n\tBaseThreadInitThunk [0x75FFFCC9+25]\n\tRtlGetAppContainerNamedObjectPath [0x77637B1E+286]\n\tRtlGetAppContainerNamedObjectPath [0x77637AEE+238]\n\n", "trace": "  File \"C:\\Users\\Anton.S.Malyuga\\PycharmProjects\\Develop\\Hermes\\venv\\Lib\\site-packages\\allure_commons\\_allure.py\", line 192, in impl\n    return func(*a, **kw)\n           ^^^^^^^^^^^^^^\n  File \"C:\\Users\\Anton.S.Malyuga\\PycharmProjects\\Develop\\Hermes\\page_objects\\BasePage.py\", line 70, in selected_ajax_element_by_index_after_value\n    self.find_element(f'{css_selector} ~ div .suggest--input-field').send_keys(value)\n  File \"C:\\Users\\Anton.S.Malyuga\\PycharmProjects\\Develop\\Hermes\\venv\\Lib\\site-packages\\selenium\\webdriver\\remote\\webelement.py\", line 230, in send_keys\n    self._execute(\n  File \"C:\\Users\\Anton.S.Malyuga\\PycharmProjects\\Develop\\Hermes\\venv\\Lib\\site-packages\\selenium\\webdriver\\remote\\webelement.py\", line 394, in _execute\n    return self._parent.execute(command, params)\n           ^^^^^^^^^^^^^^^^^^^^^^^^^^^^^^^^^^^^^\n  File \"C:\\Users\\Anton.S.Malyuga\\PycharmProjects\\Develop\\Hermes\\venv\\Lib\\site-packages\\selenium\\webdriver\\remote\\webdriver.py\", line 347, in execute\n    self.error_handler.check_response(response)\n  File \"C:\\Users\\Anton.S.Malyuga\\PycharmProjects\\Develop\\Hermes\\venv\\Lib\\site-packages\\selenium\\webdriver\\remote\\errorhandler.py\", line 229, in check_response\n    raise exception_class(message, screen, stacktrace)\n"}, "steps": [{"name": "Нахожу элемент по селектору '.modal-content [id^=city] ~ div'", "status": "passed", "parameters": [{"name": "css_selector", "value": "'.modal-content [id^=city] ~ div'"}], "start": 1707142099173, "stop": 1707142099566}, {"name": "Нахожу элемент по селектору '.modal-content [id^=city] ~ div .suggest--input-field'", "status": "passed", "parameters": [{"name": "css_selector", "value": "'.modal-content [id^=city] ~ div .suggest--input-field'"}], "start": 1707142099648, "stop": 1707142099663}], "parameters": [{"name": "css_selector", "value": "'.modal-content [id^=city]'"}, {"name": "value", "value": "'Саратов'"}, {"name": "index", "value": "0"}, {"name": "time_sleep", "value": "2"}], "start": 1707142099173, "stop": 1707142104720}], "start": 1707142059566, "stop": 1707142104722, "uuid": "4108ed62-2fe1-446d-8d79-36d2471ec7ec", "historyId": "7b17ce76f0a8afccd9146fde65de5afe", "testCaseId": "7b17ce76f0a8afccd9146fde65de5afe", "fullName": "tests.end2end.test_end_2_end_project_b2c#test_end_2_end_project_b2c", "labels": [{"name": "feature", "value": "Форма создания строительного проекта B2C"}, {"name": "parentSuite", "value": "tests.end2end"}, {"name": "suite", "value": "test_end_2_end_project_b2c"}, {"name": "host", "value": "WGD02RTI2189"}, {"name": "thread", "value": "8660-MainThread"}, {"name": "framework", "value": "pytest"}, {"name": "language", "value": "cpython3"}, {"name": "package", "value": "tests.end2end.test_end_2_end_project_b2c"}]}