{"name": "Проработка строительного проекта", "status": "broken", "statusDetails": {"message": "selenium.common.exceptions.ElementClickInterceptedException: Message: element click intercepted: Element <div class=\"suggest form-control input-sm js--submit-onchange\" tabindex=\"0\" title=\"\">...</div> is not clickable at point (296, 320). Other element would receive the click: <div class=\"h-loader h-loader--show-mask h-loader--show-loader\">...</div>\n  (Session info: chrome=121.0.6167.140)\nStacktrace:\n\tGetHandleVerifier [0x00F31673+52979]\n\t(No symbol) [0x00EB7961]\n\t(No symbol) [0x00D9DD3D]\n\t(No symbol) [0x00DDB79B]\n\t(No symbol) [0x00DD9EB7]\n\t(No symbol) [0x00DD7F1B]\n\t(No symbol) [0x00DD70BD]\n\t(No symbol) [0x00DCE010]\n\t(No symbol) [0x00DF44EC]\n\t(No symbol) [0x00DCDA4E]\n\t(No symbol) [0x00DF4784]\n\t(No symbol) [0x00E0B3FE]\n\t(No symbol) [0x00DF4286]\n\t(No symbol) [0x00DCC063]\n\t(No symbol) [0x00DCCECD]\n\tGetHandleVerifier [0x01248D83+3294723]\n\tGetHandleVerifier [0x01286CC2+3548482]\n\tGetHandleVerifier [0x01281C9C+3527964]\n\tGetHandleVerifier [0x00FC870E+671630]\n\t(No symbol) [0x00EC1EB4]\n\t(No symbol) [0x00EBD808]\n\t(No symbol) [0x00EBD92D]\n\t(No symbol) [0x00EAF7E0]\n\tBaseThreadInitThunk [0x75FFFCC9+25]\n\tRtlGetAppContainerNamedObjectPath [0x77637B1E+286]\n\tRtlGetAppContainerNamedObjectPath [0x77637AEE+238]", "trace": "driver = <selenium.webdriver.chrome.webdriver.WebDriver (session=\"3c83edf1214dcd0d55a5d6b988b1bfe7\")>\n\n    @allure.feature('Форма создания строительного проекта B2C')\n    @allure.title('Проработка строительного проекта')\n    def test_end_2_end_project_b2c(driver):\n        UserLoginForm(driver).autorization_default()\n        driver.get('https://hermes-test.rt.ru/b2c/create_construction_project_show')\n        B2CCreateConstructionProjectShow(driver).selected_rf(49)\n        B2CCreateConstructionProjectShow(driver).selected_is_need_broad(1)\n>       B2CCreateConstructionProjectShow(driver).selected_type_construct(1)\n\ntest_end_2_end_project_b2c.py:16: \n_ _ _ _ _ _ _ _ _ _ _ _ _ _ _ _ _ _ _ _ _ _ _ _ _ _ _ _ _ _ _ _ _ _ _ _ _ _ _ _\n..\\..\\page_objects\\b2cCreateConstructionProjectShow.py:40: in selected_type_construct\n    self.selected_ajax_element_by_index(css_selector=self._LOCATOR_SELECT_TYPE_BUILD_TYPE, index=index_option)\n..\\..\\page_objects\\BasePage.py:51: in selected_ajax_element_by_index\n    self.find_element(f'{css_selector} ~ div').click()\n..\\..\\venv\\Lib\\site-packages\\selenium\\webdriver\\remote\\webelement.py:93: in click\n    self._execute(Command.CLICK_ELEMENT)\n..\\..\\venv\\Lib\\site-packages\\selenium\\webdriver\\remote\\webelement.py:394: in _execute\n    return self._parent.execute(command, params)\n..\\..\\venv\\Lib\\site-packages\\selenium\\webdriver\\remote\\webdriver.py:347: in execute\n    self.error_handler.check_response(response)\n_ _ _ _ _ _ _ _ _ _ _ _ _ _ _ _ _ _ _ _ _ _ _ _ _ _ _ _ _ _ _ _ _ _ _ _ _ _ _ _\n\nself = <selenium.webdriver.remote.errorhandler.ErrorHandler object at 0x000002185815E1D0>\nresponse = {'status': 400, 'value': '{\"value\":{\"error\":\"element click intercepted\",\"message\":\"element click intercepted: Element ...\\n\\\\tRtlGetAppContainerNamedObjectPath [0x77637B1E+286]\\\\n\\\\tRtlGetAppContainerNamedObjectPath [0x77637AEE+238]\\\\n\"}}'}\n\n    def check_response(self, response: Dict[str, Any]) -> None:\n        \"\"\"Checks that a JSON response from the WebDriver does not have an\n        error.\n    \n        :Args:\n         - response - The JSON response from the WebDriver server as a dictionary\n           object.\n    \n        :Raises: If the response contains an error message.\n        \"\"\"\n        status = response.get(\"status\", None)\n        if not status or status == ErrorCode.SUCCESS:\n            return\n        value = None\n        message = response.get(\"message\", \"\")\n        screen: str = response.get(\"screen\", \"\")\n        stacktrace = None\n        if isinstance(status, int):\n            value_json = response.get(\"value\", None)\n            if value_json and isinstance(value_json, str):\n                import json\n    \n                try:\n                    value = json.loads(value_json)\n                    if len(value) == 1:\n                        value = value[\"value\"]\n                    status = value.get(\"error\", None)\n                    if not status:\n                        status = value.get(\"status\", ErrorCode.UNKNOWN_ERROR)\n                        message = value.get(\"value\") or value.get(\"message\")\n                        if not isinstance(message, str):\n                            value = message\n                            message = message.get(\"message\")\n                    else:\n                        message = value.get(\"message\", None)\n                except ValueError:\n                    pass\n    \n        exception_class: Type[WebDriverException]\n        e = ErrorCode()\n        error_codes = [item for item in dir(e) if not item.startswith(\"__\")]\n        for error_code in error_codes:\n            error_info = getattr(ErrorCode, error_code)\n            if isinstance(error_info, list) and status in error_info:\n                exception_class = getattr(ExceptionMapping, error_code, WebDriverException)\n                break\n        else:\n            exception_class = WebDriverException\n    \n        if not value:\n            value = response[\"value\"]\n        if isinstance(value, str):\n            raise exception_class(value)\n        if message == \"\" and \"message\" in value:\n            message = value[\"message\"]\n    \n        screen = None  # type: ignore[assignment]\n        if \"screen\" in value:\n            screen = value[\"screen\"]\n    \n        stacktrace = None\n        st_value = value.get(\"stackTrace\") or value.get(\"stacktrace\")\n        if st_value:\n            if isinstance(st_value, str):\n                stacktrace = st_value.split(\"\\n\")\n            else:\n                stacktrace = []\n                try:\n                    for frame in st_value:\n                        line = frame.get(\"lineNumber\", \"\")\n                        file = frame.get(\"fileName\", \"<anonymous>\")\n                        if line:\n                            file = f\"{file}:{line}\"\n                        meth = frame.get(\"methodName\", \"<anonymous>\")\n                        if \"className\" in frame:\n                            meth = f\"{frame['className']}.{meth}\"\n                        msg = \"    at %s (%s)\"\n                        msg = msg % (meth, file)\n                        stacktrace.append(msg)\n                except TypeError:\n                    pass\n        if exception_class == UnexpectedAlertPresentException:\n            alert_text = None\n            if \"data\" in value:\n                alert_text = value[\"data\"].get(\"text\")\n            elif \"alert\" in value:\n                alert_text = value[\"alert\"].get(\"text\")\n            raise exception_class(message, screen, stacktrace, alert_text)  # type: ignore[call-arg]  # mypy is not smart enough here\n>       raise exception_class(message, screen, stacktrace)\nE       selenium.common.exceptions.ElementClickInterceptedException: Message: element click intercepted: Element <div class=\"suggest form-control input-sm js--submit-onchange\" tabindex=\"0\" title=\"\">...</div> is not clickable at point (296, 320). Other element would receive the click: <div class=\"h-loader h-loader--show-mask h-loader--show-loader\">...</div>\nE         (Session info: chrome=121.0.6167.140)\nE       Stacktrace:\nE       \tGetHandleVerifier [0x00F31673+52979]\nE       \t(No symbol) [0x00EB7961]\nE       \t(No symbol) [0x00D9DD3D]\nE       \t(No symbol) [0x00DDB79B]\nE       \t(No symbol) [0x00DD9EB7]\nE       \t(No symbol) [0x00DD7F1B]\nE       \t(No symbol) [0x00DD70BD]\nE       \t(No symbol) [0x00DCE010]\nE       \t(No symbol) [0x00DF44EC]\nE       \t(No symbol) [0x00DCDA4E]\nE       \t(No symbol) [0x00DF4784]\nE       \t(No symbol) [0x00E0B3FE]\nE       \t(No symbol) [0x00DF4286]\nE       \t(No symbol) [0x00DCC063]\nE       \t(No symbol) [0x00DCCECD]\nE       \tGetHandleVerifier [0x01248D83+3294723]\nE       \tGetHandleVerifier [0x01286CC2+3548482]\nE       \tGetHandleVerifier [0x01281C9C+3527964]\nE       \tGetHandleVerifier [0x00FC870E+671630]\nE       \t(No symbol) [0x00EC1EB4]\nE       \t(No symbol) [0x00EBD808]\nE       \t(No symbol) [0x00EBD92D]\nE       \t(No symbol) [0x00EAF7E0]\nE       \tBaseThreadInitThunk [0x75FFFCC9+25]\nE       \tRtlGetAppContainerNamedObjectPath [0x77637B1E+286]\nE       \tRtlGetAppContainerNamedObjectPath [0x77637AEE+238]\n\n..\\..\\venv\\Lib\\site-packages\\selenium\\webdriver\\remote\\errorhandler.py:229: ElementClickInterceptedException"}, "steps": [{"name": "Авторизовываюсь под базовым пользователем", "status": "passed", "steps": [{"name": "Нахожу элемент по селектору '#username'", "status": "passed", "parameters": [{"name": "css_selector", "value": "'#username'"}], "start": 1707133863747, "stop": 1707133863987}, {"name": "Нахожу элемент по селектору '#password'", "status": "passed", "parameters": [{"name": "css_selector", "value": "'#password'"}], "start": 1707133864080, "stop": 1707133864095}, {"name": "Нахожу элемент по селектору 'form button[type=\"submit\"]'", "status": "passed", "parameters": [{"name": "css_selector", "value": "'form button[type=\"submit\"]'"}], "start": 1707133864169, "stop": 1707133864181}], "start": 1707133863747, "stop": 1707133869571}, {"name": "Выбираю с ожиданием элемент списка по селектору 'select#rfId' с индексом 49", "status": "passed", "steps": [{"name": "Нахожу элемент по селектору 'select#rfId'", "status": "passed", "parameters": [{"name": "css_selector", "value": "'select#rfId'"}], "start": 1707133871256, "stop": 1707133871339}, {"name": "Нахожу элемент по селектору 'select#rfId ~ div'", "status": "passed", "parameters": [{"name": "css_selector", "value": "'select#rfId ~ div'"}], "start": 1707133871359, "stop": 1707133871376}, {"name": "Нахожу элементы по селектору 'select#rfId ~ div .suggest--option'", "status": "passed", "parameters": [{"name": "css_selector", "value": "'select#rfId ~ div .suggest--option'"}], "start": 1707133873458, "stop": 1707133873493}], "parameters": [{"name": "css_selector", "value": "'select#rfId'"}, {"name": "index", "value": "49"}, {"name": "time_sleep", "value": "1"}], "start": 1707133871256, "stop": 1707133873583}, {"name": "Выбираю элемент по селектору '#needBroadband' с индексом 1", "status": "passed", "steps": [{"name": "Нахожу элемент по селектору '#needBroadband'", "status": "passed", "parameters": [{"name": "css_selector", "value": "'#needBroadband'"}], "start": 1707133873583, "stop": 1707133873605}], "parameters": [{"name": "css_selector", "value": "'#needBroadband'"}, {"name": "index", "value": "1"}], "start": 1707133873583, "stop": 1707133873817}, {"name": "Выбираю с ожиданием элемент списка по селектору '#buildTypeId' с индексом 1", "status": "broken", "statusDetails": {"message": "selenium.common.exceptions.ElementClickInterceptedException: Message: element click intercepted: Element <div class=\"suggest form-control input-sm js--submit-onchange\" tabindex=\"0\" title=\"\">...</div> is not clickable at point (296, 320). Other element would receive the click: <div class=\"h-loader h-loader--show-mask h-loader--show-loader\">...</div>\n  (Session info: chrome=121.0.6167.140)\nStacktrace:\n\tGetHandleVerifier [0x00F31673+52979]\n\t(No symbol) [0x00EB7961]\n\t(No symbol) [0x00D9DD3D]\n\t(No symbol) [0x00DDB79B]\n\t(No symbol) [0x00DD9EB7]\n\t(No symbol) [0x00DD7F1B]\n\t(No symbol) [0x00DD70BD]\n\t(No symbol) [0x00DCE010]\n\t(No symbol) [0x00DF44EC]\n\t(No symbol) [0x00DCDA4E]\n\t(No symbol) [0x00DF4784]\n\t(No symbol) [0x00E0B3FE]\n\t(No symbol) [0x00DF4286]\n\t(No symbol) [0x00DCC063]\n\t(No symbol) [0x00DCCECD]\n\tGetHandleVerifier [0x01248D83+3294723]\n\tGetHandleVerifier [0x01286CC2+3548482]\n\tGetHandleVerifier [0x01281C9C+3527964]\n\tGetHandleVerifier [0x00FC870E+671630]\n\t(No symbol) [0x00EC1EB4]\n\t(No symbol) [0x00EBD808]\n\t(No symbol) [0x00EBD92D]\n\t(No symbol) [0x00EAF7E0]\n\tBaseThreadInitThunk [0x75FFFCC9+25]\n\tRtlGetAppContainerNamedObjectPath [0x77637B1E+286]\n\tRtlGetAppContainerNamedObjectPath [0x77637AEE+238]\n\n", "trace": "  File \"C:\\Users\\Anton.S.Malyuga\\PycharmProjects\\Develop\\Hermes\\venv\\Lib\\site-packages\\allure_commons\\_allure.py\", line 192, in impl\n    return func(*a, **kw)\n           ^^^^^^^^^^^^^^\n  File \"C:\\Users\\Anton.S.Malyuga\\PycharmProjects\\Develop\\Hermes\\page_objects\\BasePage.py\", line 51, in selected_ajax_element_by_index\n    self.find_element(f'{css_selector} ~ div').click()\n  File \"C:\\Users\\Anton.S.Malyuga\\PycharmProjects\\Develop\\Hermes\\venv\\Lib\\site-packages\\selenium\\webdriver\\remote\\webelement.py\", line 93, in click\n    self._execute(Command.CLICK_ELEMENT)\n  File \"C:\\Users\\Anton.S.Malyuga\\PycharmProjects\\Develop\\Hermes\\venv\\Lib\\site-packages\\selenium\\webdriver\\remote\\webelement.py\", line 394, in _execute\n    return self._parent.execute(command, params)\n           ^^^^^^^^^^^^^^^^^^^^^^^^^^^^^^^^^^^^^\n  File \"C:\\Users\\Anton.S.Malyuga\\PycharmProjects\\Develop\\Hermes\\venv\\Lib\\site-packages\\selenium\\webdriver\\remote\\webdriver.py\", line 347, in execute\n    self.error_handler.check_response(response)\n  File \"C:\\Users\\Anton.S.Malyuga\\PycharmProjects\\Develop\\Hermes\\venv\\Lib\\site-packages\\selenium\\webdriver\\remote\\errorhandler.py\", line 229, in check_response\n    raise exception_class(message, screen, stacktrace)\n"}, "steps": [{"name": "Нахожу элемент по селектору '#buildTypeId'", "status": "passed", "parameters": [{"name": "css_selector", "value": "'#buildTypeId'"}], "start": 1707133875817, "stop": 1707133875845}, {"name": "Нахожу элемент по селектору '#buildTypeId ~ div'", "status": "passed", "parameters": [{"name": "css_selector", "value": "'#buildTypeId ~ div'"}], "start": 1707133875866, "stop": 1707133875885}], "parameters": [{"name": "css_selector", "value": "'#buildTypeId'"}, {"name": "index", "value": "1"}, {"name": "time_sleep", "value": "1"}], "start": 1707133875817, "stop": 1707133876971}], "start": 1707133863746, "stop": 1707133876979, "uuid": "a27d3d0a-065c-41e5-a172-56e28e2611f3", "historyId": "7b17ce76f0a8afccd9146fde65de5afe", "testCaseId": "7b17ce76f0a8afccd9146fde65de5afe", "fullName": "tests.end2end.test_end_2_end_project_b2c#test_end_2_end_project_b2c", "labels": [{"name": "feature", "value": "Форма создания строительного проекта B2C"}, {"name": "parentSuite", "value": "tests.end2end"}, {"name": "suite", "value": "test_end_2_end_project_b2c"}, {"name": "host", "value": "WGD02RTI2189"}, {"name": "thread", "value": "17376-MainThread"}, {"name": "framework", "value": "pytest"}, {"name": "language", "value": "cpython3"}, {"name": "package", "value": "tests.end2end.test_end_2_end_project_b2c"}]}