{"name": "Проработка строительного проекта", "status": "broken", "statusDetails": {"message": "selenium.common.exceptions.TimeoutException: Message: \nStacktrace:\n\tGetHandleVerifier [0x00F01673+52979]\n\t(No symbol) [0x00E87961]\n\t(No symbol) [0x00D6DD3D]\n\t(No symbol) [0x00DA5FBB]\n\t(No symbol) [0x00DA60FB]\n\t(No symbol) [0x00DDCF92]\n\t(No symbol) [0x00DC4534]\n\t(No symbol) [0x00DDB3FE]\n\t(No symbol) [0x00DC4286]\n\t(No symbol) [0x00D9C063]\n\t(No symbol) [0x00D9CECD]\n\tGetHandleVerifier [0x01218D83+3294723]\n\tGetHandleVerifier [0x01256CC2+3548482]\n\tGetHandleVerifier [0x01251C9C+3527964]\n\tGetHandleVerifier [0x00F9870E+671630]\n\t(No symbol) [0x00E91EB4]\n\t(No symbol) [0x00E8D808]\n\t(No symbol) [0x00E8D92D]\n\t(No symbol) [0x00E7F7E0]\n\tBaseThreadInitThunk [0x75FFFCC9+25]\n\tRtlGetAppContainerNamedObjectPath [0x77637B1E+286]\n\tRtlGetAppContainerNamedObjectPath [0x77637AEE+238]", "trace": "driver = <selenium.webdriver.chrome.webdriver.WebDriver (session=\"b33cd7b555193008887e2873bba874ee\")>\n\n    @allure.feature('Форма создания строительного проекта B2C')\n    @allure.title('Проработка строительного проекта')\n    def test_end_2_end_project_b2c(driver):\n        UserLoginForm(driver).autorization_default()\n        driver.get('https://hermes-test.rt.ru/b2c/create_construction_project_show')\n        B2CCreateConstructionProjectShow(driver).selected_rf(53)\n        B2CCreateConstructionProjectShow(driver).selected_is_need_broad(1)\n        B2CCreateConstructionProjectShow(driver).selected_type_construct(1)\n        B2CCreateConstructionProjectShow(driver).selected_customer_by_inn('111111111111')\n        B2CCreateConstructionProjectShow(driver).enter_project_name('Автопрогон')\n>       B2CCreateConstructionProjectShow(driver).add_address('Саратов', 'Авиастроителей')\n\ntest_end_2_end_project_b2c.py:18: \n_ _ _ _ _ _ _ _ _ _ _ _ _ _ _ _ _ _ _ _ _ _ _ _ _ _ _ _ _ _ _ _ _ _ _ _ _ _ _ _\n..\\..\\page_objects\\b2cCreateConstructionProjectShow.py:57: in add_address\n    self.selected_ajax_element_by_index_after_value(css_selector=self._LOCATOR_SELECT_AJAX_MODAL_ADDRESS_CITY,\n..\\..\\page_objects\\BasePage.py:82: in selected_ajax_element_by_index_after_value\n    self.find_presence_element_with_wait(f'{css_selector} ~ div .suggest--option')\n..\\..\\page_objects\\BasePage.py:39: in find_presence_element_with_wait\n    return WebDriverWait(self._driver, second).until(\n_ _ _ _ _ _ _ _ _ _ _ _ _ _ _ _ _ _ _ _ _ _ _ _ _ _ _ _ _ _ _ _ _ _ _ _ _ _ _ _\n\nself = <selenium.webdriver.support.wait.WebDriverWait (session=\"b33cd7b555193008887e2873bba874ee\")>\nmethod = <function visibility_of_element_located.<locals>._predicate at 0x000002D6F9210EA0>\nmessage = ''\n\n    def until(self, method: Callable[[WebDriver], Union[Literal[False], T]], message: str = \"\") -> T:\n        \"\"\"Calls the method provided with the driver as an argument until the \\\n        return value does not evaluate to ``False``.\n    \n        :param method: callable(WebDriver)\n        :param message: optional message for :exc:`TimeoutException`\n        :returns: the result of the last call to `method`\n        :raises: :exc:`selenium.common.exceptions.TimeoutException` if timeout occurs\n        \"\"\"\n        screen = None\n        stacktrace = None\n    \n        end_time = time.monotonic() + self._timeout\n        while True:\n            try:\n                value = method(self._driver)\n                if value:\n                    return value\n            except self._ignored_exceptions as exc:\n                screen = getattr(exc, \"screen\", None)\n                stacktrace = getattr(exc, \"stacktrace\", None)\n            time.sleep(self._poll)\n            if time.monotonic() > end_time:\n                break\n>       raise TimeoutException(message, screen, stacktrace)\nE       selenium.common.exceptions.TimeoutException: Message: \nE       Stacktrace:\nE       \tGetHandleVerifier [0x00F01673+52979]\nE       \t(No symbol) [0x00E87961]\nE       \t(No symbol) [0x00D6DD3D]\nE       \t(No symbol) [0x00DA5FBB]\nE       \t(No symbol) [0x00DA60FB]\nE       \t(No symbol) [0x00DDCF92]\nE       \t(No symbol) [0x00DC4534]\nE       \t(No symbol) [0x00DDB3FE]\nE       \t(No symbol) [0x00DC4286]\nE       \t(No symbol) [0x00D9C063]\nE       \t(No symbol) [0x00D9CECD]\nE       \tGetHandleVerifier [0x01218D83+3294723]\nE       \tGetHandleVerifier [0x01256CC2+3548482]\nE       \tGetHandleVerifier [0x01251C9C+3527964]\nE       \tGetHandleVerifier [0x00F9870E+671630]\nE       \t(No symbol) [0x00E91EB4]\nE       \t(No symbol) [0x00E8D808]\nE       \t(No symbol) [0x00E8D92D]\nE       \t(No symbol) [0x00E7F7E0]\nE       \tBaseThreadInitThunk [0x75FFFCC9+25]\nE       \tRtlGetAppContainerNamedObjectPath [0x77637B1E+286]\nE       \tRtlGetAppContainerNamedObjectPath [0x77637AEE+238]\n\n..\\..\\venv\\Lib\\site-packages\\selenium\\webdriver\\support\\wait.py:101: TimeoutException"}, "steps": [{"name": "Авторизовываюсь под базовым пользователем", "status": "passed", "steps": [{"name": "Нахожу элемент по селектору '#username'", "status": "passed", "parameters": [{"name": "css_selector", "value": "'#username'"}], "start": 1707222079616, "stop": 1707222079643}, {"name": "Нахожу элемент по селектору '#password'", "status": "passed", "parameters": [{"name": "css_selector", "value": "'#password'"}], "start": 1707222079720, "stop": 1707222079733}, {"name": "Нахожу элемент по селектору 'form button[type=\"submit\"]'", "status": "passed", "parameters": [{"name": "css_selector", "value": "'form button[type=\"submit\"]'"}], "start": 1707222079802, "stop": 1707222079820}], "start": 1707222079616, "stop": 1707222086573}, {"name": "Выбираю элемент по селектору 'select#rfId' с индексом 53", "status": "passed", "steps": [{"name": "Нахожу элемент по селектору 'select#rfId'", "status": "passed", "parameters": [{"name": "css_selector", "value": "'select#rfId'"}], "start": 1707222087516, "stop": 1707222087596}], "parameters": [{"name": "css_selector", "value": "'select#rfId'"}, {"name": "index", "value": "53"}], "start": 1707222087515, "stop": 1707222088597}, {"name": "Выбираю элемент по селектору '#needBroadband' с индексом 1", "status": "passed", "steps": [{"name": "Нахожу элемент по селектору '#needBroadband'", "status": "passed", "parameters": [{"name": "css_selector", "value": "'#needBroadband'"}], "start": 1707222088598, "stop": 1707222088618}], "parameters": [{"name": "css_selector", "value": "'#needBroadband'"}, {"name": "index", "value": "1"}], "start": 1707222088598, "stop": 1707222088748}, {"name": "Выбираю с ожиданием элемент списка по селектору '#buildTypeId' с индексом 1", "status": "passed", "steps": [{"name": "Нахожу элемент по селектору '#buildTypeId'", "status": "passed", "parameters": [{"name": "css_selector", "value": "'#buildTypeId'"}], "start": 1707222088748, "stop": 1707222088768}, {"name": "Нахожу элемент по селектору '#buildTypeId ~ div'", "status": "passed", "parameters": [{"name": "css_selector", "value": "'#buildTypeId ~ div'"}], "start": 1707222088784, "stop": 1707222088798}, {"name": "Нахожу элемент по селектору '#buildTypeId ~ div .suggest--option' после 10 секунд", "status": "passed", "parameters": [{"name": "css_selector", "value": "'#buildTypeId ~ div .suggest--option'"}, {"name": "second", "value": "10"}], "start": 1707222089174, "stop": 1707222089207}, {"name": "Нахожу элементы по селектору '#buildTypeId ~ div .suggest--option'", "status": "passed", "parameters": [{"name": "css_selector", "value": "'#buildTypeId ~ div .suggest--option'"}], "start": 1707222089208, "stop": 1707222089223}], "parameters": [{"name": "css_selector", "value": "'#buildTypeId'"}, {"name": "index", "value": "1"}], "start": 1707222088748, "stop": 1707222089290}, {"name": "Выбираю с ожиданием элемент списка по селектору '#customerId' с индексом 0 по контексту '111111111111'", "status": "passed", "steps": [{"name": "Нахожу элемент по селектору '#customerId ~ div'", "status": "passed", "parameters": [{"name": "css_selector", "value": "'#customerId ~ div'"}], "start": 1707222089290, "stop": 1707222089710}, {"name": "Нахожу элемент по селектору '#customerId ~ div .suggest--input-field'", "status": "passed", "parameters": [{"name": "css_selector", "value": "'#customerId ~ div .suggest--input-field'"}], "start": 1707222089820, "stop": 1707222089835}, {"name": "Нахожу элемент по селектору '#customerId ~ div .suggest--option' после 10 секунд", "status": "passed", "parameters": [{"name": "css_selector", "value": "'#customerId ~ div .suggest--option'"}, {"name": "second", "value": "10"}], "start": 1707222089917, "stop": 1707222090645}, {"name": "Нахожу элементы по селектору '#customerId ~ div .suggest--option'", "status": "passed", "parameters": [{"name": "css_selector", "value": "'#customerId ~ div .suggest--option'"}], "start": 1707222090646, "stop": 1707222090663}], "parameters": [{"name": "css_selector", "value": "'#customerId'"}, {"name": "value", "value": "'111111111111'"}, {"name": "index", "value": "0"}, {"name": "time_sleep", "value": "2"}], "start": 1707222089290, "stop": 1707222090741}, {"name": "Нахожу элемент по селектору '#projectName'", "status": "passed", "parameters": [{"name": "css_selector", "value": "'#projectName'"}], "start": 1707222090741, "stop": 1707222090757}, {"name": "Нахожу элемент по селектору '.btn-group button'", "status": "passed", "parameters": [{"name": "css_selector", "value": "'.btn-group button'"}], "start": 1707222090932, "stop": 1707222090943}, {"name": "Выбираю с ожиданием элемент списка по селектору '.modal-content [id^=city]' с индексом 0 по контексту 'Саратов'", "status": "broken", "statusDetails": {"message": "selenium.common.exceptions.TimeoutException: Message: \nStacktrace:\n\tGetHandleVerifier [0x00F01673+52979]\n\t(No symbol) [0x00E87961]\n\t(No symbol) [0x00D6DD3D]\n\t(No symbol) [0x00DA5FBB]\n\t(No symbol) [0x00DA60FB]\n\t(No symbol) [0x00DDCF92]\n\t(No symbol) [0x00DC4534]\n\t(No symbol) [0x00DDB3FE]\n\t(No symbol) [0x00DC4286]\n\t(No symbol) [0x00D9C063]\n\t(No symbol) [0x00D9CECD]\n\tGetHandleVerifier [0x01218D83+3294723]\n\tGetHandleVerifier [0x01256CC2+3548482]\n\tGetHandleVerifier [0x01251C9C+3527964]\n\tGetHandleVerifier [0x00F9870E+671630]\n\t(No symbol) [0x00E91EB4]\n\t(No symbol) [0x00E8D808]\n\t(No symbol) [0x00E8D92D]\n\t(No symbol) [0x00E7F7E0]\n\tBaseThreadInitThunk [0x75FFFCC9+25]\n\tRtlGetAppContainerNamedObjectPath [0x77637B1E+286]\n\tRtlGetAppContainerNamedObjectPath [0x77637AEE+238]\n\n", "trace": "  File \"C:\\Users\\Anton.S.Malyuga\\PycharmProjects\\Develop\\Hermes\\venv\\Lib\\site-packages\\allure_commons\\_allure.py\", line 192, in impl\n    return func(*a, **kw)\n           ^^^^^^^^^^^^^^\n  File \"C:\\Users\\Anton.S.Malyuga\\PycharmProjects\\Develop\\Hermes\\page_objects\\BasePage.py\", line 82, in selected_ajax_element_by_index_after_value\n    self.find_presence_element_with_wait(f'{css_selector} ~ div .suggest--option')\n  File \"C:\\Users\\Anton.S.Malyuga\\PycharmProjects\\Develop\\Hermes\\venv\\Lib\\site-packages\\allure_commons\\_allure.py\", line 192, in impl\n    return func(*a, **kw)\n           ^^^^^^^^^^^^^^\n  File \"C:\\Users\\Anton.S.Malyuga\\PycharmProjects\\Develop\\Hermes\\page_objects\\BasePage.py\", line 39, in find_presence_element_with_wait\n    return WebDriverWait(self._driver, second).until(\n           ^^^^^^^^^^^^^^^^^^^^^^^^^^^^^^^^^^^^^^^^^^\n  File \"C:\\Users\\Anton.S.Malyuga\\PycharmProjects\\Develop\\Hermes\\venv\\Lib\\site-packages\\selenium\\webdriver\\support\\wait.py\", line 101, in until\n    raise TimeoutException(message, screen, stacktrace)\n"}, "steps": [{"name": "Нахожу элемент по селектору '.modal-content [id^=city] ~ div'", "status": "passed", "parameters": [{"name": "css_selector", "value": "'.modal-content [id^=city] ~ div'"}], "start": 1707222091033, "stop": 1707222091429}, {"name": "Нахожу элемент по селектору '.modal-content [id^=city] ~ div .suggest--input-field'", "status": "passed", "parameters": [{"name": "css_selector", "value": "'.modal-content [id^=city] ~ div .suggest--input-field'"}], "start": 1707222091548, "stop": 1707222091565}, {"name": "Нахожу элемент по селектору '.modal-content [id^=city] ~ div .suggest--option' после 10 секунд", "status": "broken", "statusDetails": {"message": "selenium.common.exceptions.TimeoutException: Message: \nStacktrace:\n\tGetHandleVerifier [0x00F01673+52979]\n\t(No symbol) [0x00E87961]\n\t(No symbol) [0x00D6DD3D]\n\t(No symbol) [0x00DA5FBB]\n\t(No symbol) [0x00DA60FB]\n\t(No symbol) [0x00DDCF92]\n\t(No symbol) [0x00DC4534]\n\t(No symbol) [0x00DDB3FE]\n\t(No symbol) [0x00DC4286]\n\t(No symbol) [0x00D9C063]\n\t(No symbol) [0x00D9CECD]\n\tGetHandleVerifier [0x01218D83+3294723]\n\tGetHandleVerifier [0x01256CC2+3548482]\n\tGetHandleVerifier [0x01251C9C+3527964]\n\tGetHandleVerifier [0x00F9870E+671630]\n\t(No symbol) [0x00E91EB4]\n\t(No symbol) [0x00E8D808]\n\t(No symbol) [0x00E8D92D]\n\t(No symbol) [0x00E7F7E0]\n\tBaseThreadInitThunk [0x75FFFCC9+25]\n\tRtlGetAppContainerNamedObjectPath [0x77637B1E+286]\n\tRtlGetAppContainerNamedObjectPath [0x77637AEE+238]\n\n", "trace": "  File \"C:\\Users\\Anton.S.Malyuga\\PycharmProjects\\Develop\\Hermes\\venv\\Lib\\site-packages\\allure_commons\\_allure.py\", line 192, in impl\n    return func(*a, **kw)\n           ^^^^^^^^^^^^^^\n  File \"C:\\Users\\Anton.S.Malyuga\\PycharmProjects\\Develop\\Hermes\\page_objects\\BasePage.py\", line 39, in find_presence_element_with_wait\n    return WebDriverWait(self._driver, second).until(\n           ^^^^^^^^^^^^^^^^^^^^^^^^^^^^^^^^^^^^^^^^^^\n  File \"C:\\Users\\Anton.S.Malyuga\\PycharmProjects\\Develop\\Hermes\\venv\\Lib\\site-packages\\selenium\\webdriver\\support\\wait.py\", line 101, in until\n    raise TimeoutException(message, screen, stacktrace)\n"}, "parameters": [{"name": "css_selector", "value": "'.modal-content [id^=city] ~ div .suggest--option'"}, {"name": "second", "value": "10"}], "start": 1707222091639, "stop": 1707222102713}], "parameters": [{"name": "css_selector", "value": "'.modal-content [id^=city]'"}, {"name": "value", "value": "'Саратов'"}, {"name": "index", "value": "0"}, {"name": "time_sleep", "value": "2"}], "start": 1707222091033, "stop": 1707222102725}], "start": 1707222079616, "stop": 1707222102726, "uuid": "79cf4b9e-ef94-42de-b972-df68ec3e6c6b", "historyId": "7b17ce76f0a8afccd9146fde65de5afe", "testCaseId": "7b17ce76f0a8afccd9146fde65de5afe", "fullName": "tests.end2end.test_end_2_end_project_b2c#test_end_2_end_project_b2c", "labels": [{"name": "feature", "value": "Форма создания строительного проекта B2C"}, {"name": "parentSuite", "value": "tests.end2end"}, {"name": "suite", "value": "test_end_2_end_project_b2c"}, {"name": "host", "value": "WGD02RTI2189"}, {"name": "thread", "value": "10692-MainThread"}, {"name": "framework", "value": "pytest"}, {"name": "language", "value": "cpython3"}, {"name": "package", "value": "tests.end2end.test_end_2_end_project_b2c"}]}