{"name": "Проработка строительного проекта", "status": "broken", "statusDetails": {"message": "selenium.common.exceptions.TimeoutException: Message: Не дождался загрузки обновления страницы\nStacktrace:\n\tGetHandleVerifier [0x003AE123+48179]\n\t(No symbol) [0x00335D01]\n\t(No symbol) [0x0021D72D]\n\t(No symbol) [0x0025572B]\n\t(No symbol) [0x0025586B]\n\t(No symbol) [0x0028C5B2]\n\t(No symbol) [0x00273CD4]\n\t(No symbol) [0x0028AA1E]\n\t(No symbol) [0x00273A26]\n\t(No symbol) [0x0024B7BC]\n\t(No symbol) [0x0024C62D]\n\tGetHandleVerifier [0x006C7C33+3299139]\n\tGetHandleVerifier [0x00705BF2+3553026]\n\tGetHandleVerifier [0x00700BCC+3532508]\n\tGetHandleVerifier [0x0044494E+664670]\n\t(No symbol) [0x00340AB4]\n\t(No symbol) [0x0033BF08]\n\t(No symbol) [0x0033C02D]\n\t(No symbol) [0x0032DD00]\n\tBaseThreadInitThunk [0x7632FCC9+25]\n\tRtlGetAppContainerNamedObjectPath [0x770E7B1E+286]\n\tRtlGetAppContainerNamedObjectPath [0x770E7AEE+238]", "trace": "driver = <selenium.webdriver.chrome.webdriver.WebDriver (session=\"31d61870c0f6e92a9f75225564f18e97\")>\n\n    @allure.feature('Форма создания строительного проекта B2C')\n    @allure.title('Проработка строительного проекта')\n    def test_end_2_end_project_b2c(driver):\n>       UserLoginForm(driver).autorization_default()\n\ntest_end_2_end_project_b2c.py:14: \n_ _ _ _ _ _ _ _ _ _ _ _ _ _ _ _ _ _ _ _ _ _ _ _ _ _ _ _ _ _ _ _ _ _ _ _ _ _ _ _\n..\\..\\page_objects\\elements\\UserLoginForm.py:24: in autorization_default\n    self.find_element(self._LOCATOR_INPUT_LOGIN).send_keys(LOGIN)\n..\\..\\page_objects\\BasePage.py:34: in find_element\n    self.check_loader()\n..\\..\\page_objects\\BasePage.py:19: in check_loader\n    WebDriverWait(self._driver, 20).until(\n_ _ _ _ _ _ _ _ _ _ _ _ _ _ _ _ _ _ _ _ _ _ _ _ _ _ _ _ _ _ _ _ _ _ _ _ _ _ _ _\n\nself = <selenium.webdriver.support.wait.WebDriverWait (session=\"31d61870c0f6e92a9f75225564f18e97\")>\nmethod = <function presence_of_element_located.<locals>._predicate at 0x0000020AE3869940>\nmessage = 'Не дождался загрузки обновления страницы'\n\n    def until(self, method: Callable[[WebDriver], Union[Literal[False], T]], message: str = \"\") -> T:\n        \"\"\"Calls the method provided with the driver as an argument until the \\\n        return value does not evaluate to ``False``.\n    \n        :param method: callable(WebDriver)\n        :param message: optional message for :exc:`TimeoutException`\n        :returns: the result of the last call to `method`\n        :raises: :exc:`selenium.common.exceptions.TimeoutException` if timeout occurs\n        \"\"\"\n        screen = None\n        stacktrace = None\n    \n        end_time = time.monotonic() + self._timeout\n        while True:\n            try:\n                value = method(self._driver)\n                if value:\n                    return value\n            except self._ignored_exceptions as exc:\n                screen = getattr(exc, \"screen\", None)\n                stacktrace = getattr(exc, \"stacktrace\", None)\n            time.sleep(self._poll)\n            if time.monotonic() > end_time:\n                break\n>       raise TimeoutException(message, screen, stacktrace)\nE       selenium.common.exceptions.TimeoutException: Message: Не дождался загрузки обновления страницы\nE       Stacktrace:\nE       \tGetHandleVerifier [0x003AE123+48179]\nE       \t(No symbol) [0x00335D01]\nE       \t(No symbol) [0x0021D72D]\nE       \t(No symbol) [0x0025572B]\nE       \t(No symbol) [0x0025586B]\nE       \t(No symbol) [0x0028C5B2]\nE       \t(No symbol) [0x00273CD4]\nE       \t(No symbol) [0x0028AA1E]\nE       \t(No symbol) [0x00273A26]\nE       \t(No symbol) [0x0024B7BC]\nE       \t(No symbol) [0x0024C62D]\nE       \tGetHandleVerifier [0x006C7C33+3299139]\nE       \tGetHandleVerifier [0x00705BF2+3553026]\nE       \tGetHandleVerifier [0x00700BCC+3532508]\nE       \tGetHandleVerifier [0x0044494E+664670]\nE       \t(No symbol) [0x00340AB4]\nE       \t(No symbol) [0x0033BF08]\nE       \t(No symbol) [0x0033C02D]\nE       \t(No symbol) [0x0032DD00]\nE       \tBaseThreadInitThunk [0x7632FCC9+25]\nE       \tRtlGetAppContainerNamedObjectPath [0x770E7B1E+286]\nE       \tRtlGetAppContainerNamedObjectPath [0x770E7AEE+238]\n\n..\\..\\venv\\Lib\\site-packages\\selenium\\webdriver\\support\\wait.py:101: TimeoutException"}, "steps": [{"name": "Авторизовываюсь под базовым пользователем", "status": "broken", "statusDetails": {"message": "selenium.common.exceptions.TimeoutException: Message: Не дождался загрузки обновления страницы\nStacktrace:\n\tGetHandleVerifier [0x003AE123+48179]\n\t(No symbol) [0x00335D01]\n\t(No symbol) [0x0021D72D]\n\t(No symbol) [0x0025572B]\n\t(No symbol) [0x0025586B]\n\t(No symbol) [0x0028C5B2]\n\t(No symbol) [0x00273CD4]\n\t(No symbol) [0x0028AA1E]\n\t(No symbol) [0x00273A26]\n\t(No symbol) [0x0024B7BC]\n\t(No symbol) [0x0024C62D]\n\tGetHandleVerifier [0x006C7C33+3299139]\n\tGetHandleVerifier [0x00705BF2+3553026]\n\tGetHandleVerifier [0x00700BCC+3532508]\n\tGetHandleVerifier [0x0044494E+664670]\n\t(No symbol) [0x00340AB4]\n\t(No symbol) [0x0033BF08]\n\t(No symbol) [0x0033C02D]\n\t(No symbol) [0x0032DD00]\n\tBaseThreadInitThunk [0x7632FCC9+25]\n\tRtlGetAppContainerNamedObjectPath [0x770E7B1E+286]\n\tRtlGetAppContainerNamedObjectPath [0x770E7AEE+238]\n\n", "trace": "  File \"C:\\Users\\Anton.S.Malyuga\\PycharmProjects\\Develop\\Hermes\\venv\\Lib\\site-packages\\allure_commons\\_allure.py\", line 192, in impl\n    return func(*a, **kw)\n           ^^^^^^^^^^^^^^\n  File \"C:\\Users\\Anton.S.Malyuga\\PycharmProjects\\Develop\\Hermes\\page_objects\\elements\\UserLoginForm.py\", line 24, in autorization_default\n    self.find_element(self._LOCATOR_INPUT_LOGIN).send_keys(LOGIN)\n    ^^^^^^^^^^^^^^^^^^^^^^^^^^^^^^^^^^^^^^^^^^^^\n  File \"C:\\Users\\Anton.S.Malyuga\\PycharmProjects\\Develop\\Hermes\\venv\\Lib\\site-packages\\allure_commons\\_allure.py\", line 192, in impl\n    return func(*a, **kw)\n           ^^^^^^^^^^^^^^\n  File \"C:\\Users\\Anton.S.Malyuga\\PycharmProjects\\Develop\\Hermes\\page_objects\\BasePage.py\", line 34, in find_element\n    self.check_loader()\n  File \"C:\\Users\\Anton.S.Malyuga\\PycharmProjects\\Develop\\Hermes\\page_objects\\BasePage.py\", line 19, in check_loader\n    WebDriverWait(self._driver, 20).until(\n  File \"C:\\Users\\Anton.S.Malyuga\\PycharmProjects\\Develop\\Hermes\\venv\\Lib\\site-packages\\selenium\\webdriver\\support\\wait.py\", line 101, in until\n    raise TimeoutException(message, screen, stacktrace)\n"}, "steps": [{"name": "Нахожу элемент по селектору ('css selector', '#username')", "status": "broken", "statusDetails": {"message": "selenium.common.exceptions.TimeoutException: Message: Не дождался загрузки обновления страницы\nStacktrace:\n\tGetHandleVerifier [0x003AE123+48179]\n\t(No symbol) [0x00335D01]\n\t(No symbol) [0x0021D72D]\n\t(No symbol) [0x0025572B]\n\t(No symbol) [0x0025586B]\n\t(No symbol) [0x0028C5B2]\n\t(No symbol) [0x00273CD4]\n\t(No symbol) [0x0028AA1E]\n\t(No symbol) [0x00273A26]\n\t(No symbol) [0x0024B7BC]\n\t(No symbol) [0x0024C62D]\n\tGetHandleVerifier [0x006C7C33+3299139]\n\tGetHandleVerifier [0x00705BF2+3553026]\n\tGetHandleVerifier [0x00700BCC+3532508]\n\tGetHandleVerifier [0x0044494E+664670]\n\t(No symbol) [0x00340AB4]\n\t(No symbol) [0x0033BF08]\n\t(No symbol) [0x0033C02D]\n\t(No symbol) [0x0032DD00]\n\tBaseThreadInitThunk [0x7632FCC9+25]\n\tRtlGetAppContainerNamedObjectPath [0x770E7B1E+286]\n\tRtlGetAppContainerNamedObjectPath [0x770E7AEE+238]\n\n", "trace": "  File \"C:\\Users\\Anton.S.Malyuga\\PycharmProjects\\Develop\\Hermes\\venv\\Lib\\site-packages\\allure_commons\\_allure.py\", line 192, in impl\n    return func(*a, **kw)\n           ^^^^^^^^^^^^^^\n  File \"C:\\Users\\Anton.S.Malyuga\\PycharmProjects\\Develop\\Hermes\\page_objects\\BasePage.py\", line 34, in find_element\n    self.check_loader()\n  File \"C:\\Users\\Anton.S.Malyuga\\PycharmProjects\\Develop\\Hermes\\page_objects\\BasePage.py\", line 19, in check_loader\n    WebDriverWait(self._driver, 20).until(\n  File \"C:\\Users\\Anton.S.Malyuga\\PycharmProjects\\Develop\\Hermes\\venv\\Lib\\site-packages\\selenium\\webdriver\\support\\wait.py\", line 101, in until\n    raise TimeoutException(message, screen, stacktrace)\n"}, "parameters": [{"name": "locator", "value": "('css selector', '#username')"}, {"name": "second", "value": "10"}], "start": 1708600689611, "stop": 1708600711758}], "start": 1708600689611, "stop": 1708600711764}], "start": 1708600689611, "stop": 1708600711765, "uuid": "704514b6-51b6-4729-b417-a54e7c223522", "historyId": "7b17ce76f0a8afccd9146fde65de5afe", "testCaseId": "7b17ce76f0a8afccd9146fde65de5afe", "fullName": "tests.end2end.test_end_2_end_project_b2c#test_end_2_end_project_b2c", "labels": [{"name": "feature", "value": "Форма создания строительного проекта B2C"}, {"name": "parentSuite", "value": "tests.end2end"}, {"name": "suite", "value": "test_end_2_end_project_b2c"}, {"name": "host", "value": "WGD02RTI2189"}, {"name": "thread", "value": "20104-MainThread"}, {"name": "framework", "value": "pytest"}, {"name": "language", "value": "cpython3"}, {"name": "package", "value": "tests.end2end.test_end_2_end_project_b2c"}]}