{"name": "Проработка строительного проекта", "status": "broken", "statusDetails": {"message": "selenium.common.exceptions.TimeoutException: Message: Не смог найти элемент по CSS css selector #customerId ~ div .suggest--option\nStacktrace:\n\tGetHandleVerifier [0x00778C93+51395]\n\t(No symbol) [0x006E5EF1]\n\t(No symbol) [0x0059E13A]\n\t(No symbol) [0x005D62BB]\n\t(No symbol) [0x005D63EB]\n\t(No symbol) [0x0060C162]\n\t(No symbol) [0x005F3ED4]\n\t(No symbol) [0x0060A570]\n\t(No symbol) [0x005F3C26]\n\t(No symbol) [0x005CC629]\n\t(No symbol) [0x005CD40D]\n\tGetHandleVerifier [0x00AF6453+3711107]\n\tGetHandleVerifier [0x00B3583A+3970154]\n\tGetHandleVerifier [0x00B30B28+3950424]\n\tGetHandleVerifier [0x00829C99+776393]\n\t(No symbol) [0x006F16C4]\n\t(No symbol) [0x006EC5A8]\n\t(No symbol) [0x006EC759]\n\t(No symbol) [0x006DDD80]\n\tBaseThreadInitThunk [0x7632FCC9+25]\n\tRtlGetAppContainerNamedObjectPath [0x770E7B1E+286]\n\tRtlGetAppContainerNamedObjectPath [0x770E7AEE+238]", "trace": "driver = <selenium.webdriver.chrome.webdriver.WebDriver (session=\"d00ecd01491f640265471ebfb8fb6b9e\")>\n\n    @allure.feature('Форма создания строительного проекта B2C')\n    @allure.title('Проработка строительного проекта')\n    def test_end_2_end_project_b2c(driver):\n    \n        works = {\n            'Восстановление поврежденного канала кабельной канализации': {\n                'type': 'СМР',\n                'qty': 12,\n                'natural_indicator': 'Точки доступа'\n            },\n            'Восстановление газонного покрытия': {\n                'type': 'СМР',\n                'qty': 10,\n                'natural_indicator': 'Точки доступа'\n            }\n        }\n    \n        specifications = {\n            'Wi-Fi оборудование 1': {\n                'natural_indicator': 'Точки доступа'\n            }\n        }\n    \n        UserLoginForm(driver).autorization_default()\n        driver.get('https://hermes-test.rt.ru/b2c/create_construction_project_show')\n        B2CCreateConstructionProjectShow(driver).selected_rf('РФ Саратовский')\n        B2CCreateConstructionProjectShow(driver).selected_is_need_broad('Нет')\n        B2CCreateConstructionProjectShow(driver).selected_type_construct('Новостройка')\n>       B2CCreateConstructionProjectShow(driver).selected_customer_by_inn('111111111111')\n\ntest_end_2_end_project_b2c.py:43: \n_ _ _ _ _ _ _ _ _ _ _ _ _ _ _ _ _ _ _ _ _ _ _ _ _ _ _ _ _ _ _ _ _ _ _ _ _ _ _ _\n..\\..\\page_objects\\b2cCreateConstructionProjectShow.py:63: in selected_customer_by_inn\n    self.selected_element_by_value(locator=self._LOCATOR_SELECT_AJAX_CUSTOMER,\n..\\..\\page_objects\\BasePage.py:73: in selected_element_by_value\n    self.find_element((By.CSS_SELECTOR, f'{locator[1]} ~ div .suggest--option')).click()\n..\\..\\page_objects\\BasePage.py:46: in find_element\n    return WebDriverWait(self._driver, second).until(\n_ _ _ _ _ _ _ _ _ _ _ _ _ _ _ _ _ _ _ _ _ _ _ _ _ _ _ _ _ _ _ _ _ _ _ _ _ _ _ _\n\nself = <selenium.webdriver.support.wait.WebDriverWait (session=\"d00ecd01491f640265471ebfb8fb6b9e\")>\nmethod = <function presence_of_element_located.<locals>._predicate at 0x0000029095076200>\nmessage = 'Не смог найти элемент по CSS css selector #customerId ~ div .suggest--option'\n\n    def until(self, method: Callable[[WebDriver], Union[Literal[False], T]], message: str = \"\") -> T:\n        \"\"\"Calls the method provided with the driver as an argument until the \\\n        return value does not evaluate to ``False``.\n    \n        :param method: callable(WebDriver)\n        :param message: optional message for :exc:`TimeoutException`\n        :returns: the result of the last call to `method`\n        :raises: :exc:`selenium.common.exceptions.TimeoutException` if timeout occurs\n        \"\"\"\n        screen = None\n        stacktrace = None\n    \n        end_time = time.monotonic() + self._timeout\n        while True:\n            try:\n                value = method(self._driver)\n                if value:\n                    return value\n            except self._ignored_exceptions as exc:\n                screen = getattr(exc, \"screen\", None)\n                stacktrace = getattr(exc, \"stacktrace\", None)\n            time.sleep(self._poll)\n            if time.monotonic() > end_time:\n                break\n>       raise TimeoutException(message, screen, stacktrace)\nE       selenium.common.exceptions.TimeoutException: Message: Не смог найти элемент по CSS css selector #customerId ~ div .suggest--option\nE       Stacktrace:\nE       \tGetHandleVerifier [0x00778C93+51395]\nE       \t(No symbol) [0x006E5EF1]\nE       \t(No symbol) [0x0059E13A]\nE       \t(No symbol) [0x005D62BB]\nE       \t(No symbol) [0x005D63EB]\nE       \t(No symbol) [0x0060C162]\nE       \t(No symbol) [0x005F3ED4]\nE       \t(No symbol) [0x0060A570]\nE       \t(No symbol) [0x005F3C26]\nE       \t(No symbol) [0x005CC629]\nE       \t(No symbol) [0x005CD40D]\nE       \tGetHandleVerifier [0x00AF6453+3711107]\nE       \tGetHandleVerifier [0x00B3583A+3970154]\nE       \tGetHandleVerifier [0x00B30B28+3950424]\nE       \tGetHandleVerifier [0x00829C99+776393]\nE       \t(No symbol) [0x006F16C4]\nE       \t(No symbol) [0x006EC5A8]\nE       \t(No symbol) [0x006EC759]\nE       \t(No symbol) [0x006DDD80]\nE       \tBaseThreadInitThunk [0x7632FCC9+25]\nE       \tRtlGetAppContainerNamedObjectPath [0x770E7B1E+286]\nE       \tRtlGetAppContainerNamedObjectPath [0x770E7AEE+238]\n\n..\\..\\venv\\Lib\\site-packages\\selenium\\webdriver\\support\\wait.py:101: TimeoutException"}, "steps": [{"name": "Авторизовываюсь под базовым пользователем", "status": "passed", "steps": [{"name": "Нахожу элемент по селектору ('css selector', '#username')", "status": "passed", "parameters": [{"name": "locator", "value": "('css selector', '#username')"}, {"name": "second", "value": "20"}], "start": 1709276537936, "stop": 1709276537963}, {"name": "Нахожу элемент по селектору ('css selector', '#password')", "status": "passed", "parameters": [{"name": "locator", "value": "('css selector', '#password')"}, {"name": "second", "value": "20"}], "start": 1709276538018, "stop": 1709276538030}, {"name": "Нахожу элемент по селектору ('css selector', 'form button[type=\"submit\"]')", "status": "passed", "parameters": [{"name": "locator", "value": "('css selector', 'form button[type=\"submit\"]')"}, {"name": "second", "value": "20"}], "start": 1709276538096, "stop": 1709276538112}], "start": 1709276537935, "stop": 1709276568769}, {"name": "Выбрать РФ по имени 'РФ Саратовский'", "status": "passed", "steps": [{"name": "Выбираю с ожиданием элемент списка по локатору ('css selector', 'select#rfId') по контексту 'РФ Саратовский'", "status": "passed", "steps": [{"name": "Нахожу элемент по селектору ('css selector', 'select#rfId')", "status": "passed", "parameters": [{"name": "locator", "value": "('css selector', 'select#rfId')"}, {"name": "second", "value": "20"}], "start": 1709276570357, "stop": 1709276570377}, {"name": "Нахожу элемент по селектору ('css selector', 'select#rfId ~ div')", "status": "passed", "parameters": [{"name": "locator", "value": "('css selector', 'select#rfId ~ div')"}, {"name": "second", "value": "20"}], "start": 1709276570390, "stop": 1709276570400}, {"name": "Нахожу элемент по селектору ('css selector', 'select#rfId ~ div .suggest--input-field')", "status": "passed", "parameters": [{"name": "locator", "value": "('css selector', 'select#rfId ~ div .suggest--input-field')"}, {"name": "second", "value": "20"}], "start": 1709276573045, "stop": 1709276573062}, {"name": "Нахожу элемент по селектору ('css selector', 'select#rfId ~ div .suggest--option')", "status": "passed", "parameters": [{"name": "locator", "value": "('css selector', 'select#rfId ~ div .suggest--option')"}, {"name": "second", "value": "20"}], "start": 1709276575148, "stop": 1709276575164}], "parameters": [{"name": "locator", "value": "('css selector', 'select#rfId')"}, {"name": "value", "value": "'РФ Саратовский'"}], "start": 1709276570357, "stop": 1709276575245}], "parameters": [{"name": "rf_name", "value": "'РФ Саратовский'"}], "start": 1709276570357, "stop": 1709276575245}, {"name": "Выбрать тип наличие ШПД 'Нет'", "status": "passed", "steps": [{"name": "Выбираю с ожиданием элемент списка по локатору ('css selector', '#needBroadband') по контексту 'Нет'", "status": "passed", "steps": [{"name": "Нахожу элемент по селектору ('css selector', '#needBroadband')", "status": "passed", "parameters": [{"name": "locator", "value": "('css selector', '#needBroadband')"}, {"name": "second", "value": "20"}], "start": 1709276575246, "stop": 1709276575267}], "parameters": [{"name": "locator", "value": "('css selector', '#needBroadband')"}, {"name": "value", "value": "'Нет'"}], "start": 1709276575246, "stop": 1709276575438}], "parameters": [{"name": "is_need_broad", "value": "'Нет'"}], "start": 1709276575245, "stop": 1709276575438}, {"name": "Выбрать тип строительства по индексу 'Новостройка'", "status": "passed", "steps": [{"name": "Выбираю с ожиданием элемент списка по локатору ('css selector', '#buildTypeId') по контексту 'Новостройка'", "status": "passed", "steps": [{"name": "Нахожу элемент по селектору ('css selector', '#buildTypeId')", "status": "passed", "parameters": [{"name": "locator", "value": "('css selector', '#buildTypeId')"}, {"name": "second", "value": "20"}], "start": 1709276575439, "stop": 1709276575456}, {"name": "Нахожу элемент по селектору ('css selector', '#buildTypeId ~ div')", "status": "passed", "parameters": [{"name": "locator", "value": "('css selector', '#buildTypeId ~ div')"}, {"name": "second", "value": "20"}], "start": 1709276575470, "stop": 1709276575486}, {"name": "Нахожу элемент по селектору ('css selector', '#buildTypeId ~ div .suggest--input-field')", "status": "passed", "parameters": [{"name": "locator", "value": "('css selector', '#buildTypeId ~ div .suggest--input-field')"}, {"name": "second", "value": "20"}], "start": 1709276578374, "stop": 1709276578392}, {"name": "Нахожу элемент по селектору ('css selector', '#buildTypeId ~ div .suggest--option')", "status": "passed", "parameters": [{"name": "locator", "value": "('css selector', '#buildTypeId ~ div .suggest--option')"}, {"name": "second", "value": "20"}], "start": 1709276580448, "stop": 1709276580465}], "parameters": [{"name": "locator", "value": "('css selector', '#buildTypeId')"}, {"name": "value", "value": "'Новостройка'"}], "start": 1709276575438, "stop": 1709276580534}], "parameters": [{"name": "value", "value": "'Новостройка'"}], "start": 1709276575438, "stop": 1709276580534}, {"name": "Выбрать клиента по ИНН '111111111111'", "status": "broken", "statusDetails": {"message": "selenium.common.exceptions.TimeoutException: Message: Не смог найти элемент по CSS css selector #customerId ~ div .suggest--option\nStacktrace:\n\tGetHandleVerifier [0x00778C93+51395]\n\t(No symbol) [0x006E5EF1]\n\t(No symbol) [0x0059E13A]\n\t(No symbol) [0x005D62BB]\n\t(No symbol) [0x005D63EB]\n\t(No symbol) [0x0060C162]\n\t(No symbol) [0x005F3ED4]\n\t(No symbol) [0x0060A570]\n\t(No symbol) [0x005F3C26]\n\t(No symbol) [0x005CC629]\n\t(No symbol) [0x005CD40D]\n\tGetHandleVerifier [0x00AF6453+3711107]\n\tGetHandleVerifier [0x00B3583A+3970154]\n\tGetHandleVerifier [0x00B30B28+3950424]\n\tGetHandleVerifier [0x00829C99+776393]\n\t(No symbol) [0x006F16C4]\n\t(No symbol) [0x006EC5A8]\n\t(No symbol) [0x006EC759]\n\t(No symbol) [0x006DDD80]\n\tBaseThreadInitThunk [0x7632FCC9+25]\n\tRtlGetAppContainerNamedObjectPath [0x770E7B1E+286]\n\tRtlGetAppContainerNamedObjectPath [0x770E7AEE+238]\n\n", "trace": "  File \"C:\\Users\\Anton.S.Malyuga\\PycharmProjects\\Develop\\Hermes\\venv\\Lib\\site-packages\\allure_commons\\_allure.py\", line 192, in impl\n    return func(*a, **kw)\n           ^^^^^^^^^^^^^^\n  File \"C:\\Users\\Anton.S.Malyuga\\PycharmProjects\\Develop\\Hermes\\page_objects\\b2cCreateConstructionProjectShow.py\", line 63, in selected_customer_by_inn\n    self.selected_element_by_value(locator=self._LOCATOR_SELECT_AJAX_CUSTOMER,\n  File \"C:\\Users\\Anton.S.Malyuga\\PycharmProjects\\Develop\\Hermes\\venv\\Lib\\site-packages\\allure_commons\\_allure.py\", line 192, in impl\n    return func(*a, **kw)\n           ^^^^^^^^^^^^^^\n  File \"C:\\Users\\Anton.S.Malyuga\\PycharmProjects\\Develop\\Hermes\\page_objects\\BasePage.py\", line 73, in selected_element_by_value\n    self.find_element((By.CSS_SELECTOR, f'{locator[1]} ~ div .suggest--option')).click()\n    ^^^^^^^^^^^^^^^^^^^^^^^^^^^^^^^^^^^^^^^^^^^^^^^^^^^^^^^^^^^^^^^^^^^^^^^^^^^^\n  File \"C:\\Users\\Anton.S.Malyuga\\PycharmProjects\\Develop\\Hermes\\venv\\Lib\\site-packages\\allure_commons\\_allure.py\", line 192, in impl\n    return func(*a, **kw)\n           ^^^^^^^^^^^^^^\n  File \"C:\\Users\\Anton.S.Malyuga\\PycharmProjects\\Develop\\Hermes\\page_objects\\BasePage.py\", line 46, in find_element\n    return WebDriverWait(self._driver, second).until(\n           ^^^^^^^^^^^^^^^^^^^^^^^^^^^^^^^^^^^^^^^^^^\n  File \"C:\\Users\\Anton.S.Malyuga\\PycharmProjects\\Develop\\Hermes\\venv\\Lib\\site-packages\\selenium\\webdriver\\support\\wait.py\", line 101, in until\n    raise TimeoutException(message, screen, stacktrace)\n"}, "steps": [{"name": "Выбираю с ожиданием элемент списка по локатору ('css selector', '#customerId') по контексту '111111111111'", "status": "broken", "statusDetails": {"message": "selenium.common.exceptions.TimeoutException: Message: Не смог найти элемент по CSS css selector #customerId ~ div .suggest--option\nStacktrace:\n\tGetHandleVerifier [0x00778C93+51395]\n\t(No symbol) [0x006E5EF1]\n\t(No symbol) [0x0059E13A]\n\t(No symbol) [0x005D62BB]\n\t(No symbol) [0x005D63EB]\n\t(No symbol) [0x0060C162]\n\t(No symbol) [0x005F3ED4]\n\t(No symbol) [0x0060A570]\n\t(No symbol) [0x005F3C26]\n\t(No symbol) [0x005CC629]\n\t(No symbol) [0x005CD40D]\n\tGetHandleVerifier [0x00AF6453+3711107]\n\tGetHandleVerifier [0x00B3583A+3970154]\n\tGetHandleVerifier [0x00B30B28+3950424]\n\tGetHandleVerifier [0x00829C99+776393]\n\t(No symbol) [0x006F16C4]\n\t(No symbol) [0x006EC5A8]\n\t(No symbol) [0x006EC759]\n\t(No symbol) [0x006DDD80]\n\tBaseThreadInitThunk [0x7632FCC9+25]\n\tRtlGetAppContainerNamedObjectPath [0x770E7B1E+286]\n\tRtlGetAppContainerNamedObjectPath [0x770E7AEE+238]\n\n", "trace": "  File \"C:\\Users\\Anton.S.Malyuga\\PycharmProjects\\Develop\\Hermes\\venv\\Lib\\site-packages\\allure_commons\\_allure.py\", line 192, in impl\n    return func(*a, **kw)\n           ^^^^^^^^^^^^^^\n  File \"C:\\Users\\Anton.S.Malyuga\\PycharmProjects\\Develop\\Hermes\\page_objects\\BasePage.py\", line 73, in selected_element_by_value\n    self.find_element((By.CSS_SELECTOR, f'{locator[1]} ~ div .suggest--option')).click()\n    ^^^^^^^^^^^^^^^^^^^^^^^^^^^^^^^^^^^^^^^^^^^^^^^^^^^^^^^^^^^^^^^^^^^^^^^^^^^^\n  File \"C:\\Users\\Anton.S.Malyuga\\PycharmProjects\\Develop\\Hermes\\venv\\Lib\\site-packages\\allure_commons\\_allure.py\", line 192, in impl\n    return func(*a, **kw)\n           ^^^^^^^^^^^^^^\n  File \"C:\\Users\\Anton.S.Malyuga\\PycharmProjects\\Develop\\Hermes\\page_objects\\BasePage.py\", line 46, in find_element\n    return WebDriverWait(self._driver, second).until(\n           ^^^^^^^^^^^^^^^^^^^^^^^^^^^^^^^^^^^^^^^^^^\n  File \"C:\\Users\\Anton.S.Malyuga\\PycharmProjects\\Develop\\Hermes\\venv\\Lib\\site-packages\\selenium\\webdriver\\support\\wait.py\", line 101, in until\n    raise TimeoutException(message, screen, stacktrace)\n"}, "steps": [{"name": "Нахожу элемент по селектору ('css selector', '#customerId')", "status": "passed", "parameters": [{"name": "locator", "value": "('css selector', '#customerId')"}, {"name": "second", "value": "20"}], "start": 1709276580535, "stop": 1709276581450}, {"name": "Нахожу элемент по селектору ('css selector', '#customerId ~ div')", "status": "passed", "parameters": [{"name": "locator", "value": "('css selector', '#customerId ~ div')"}, {"name": "second", "value": "20"}], "start": 1709276581466, "stop": 1709276581481}, {"name": "Нахожу элемент по селектору ('css selector', '#customerId ~ div .suggest--input-field')", "status": "passed", "parameters": [{"name": "locator", "value": "('css selector', '#customerId ~ div .suggest--input-field')"}, {"name": "second", "value": "20"}], "start": 1709276583561, "stop": 1709276583578}, {"name": "Нахожу элемент по селектору ('css selector', '#customerId ~ div .suggest--option')", "status": "broken", "statusDetails": {"message": "selenium.common.exceptions.TimeoutException: Message: Не смог найти элемент по CSS css selector #customerId ~ div .suggest--option\nStacktrace:\n\tGetHandleVerifier [0x00778C93+51395]\n\t(No symbol) [0x006E5EF1]\n\t(No symbol) [0x0059E13A]\n\t(No symbol) [0x005D62BB]\n\t(No symbol) [0x005D63EB]\n\t(No symbol) [0x0060C162]\n\t(No symbol) [0x005F3ED4]\n\t(No symbol) [0x0060A570]\n\t(No symbol) [0x005F3C26]\n\t(No symbol) [0x005CC629]\n\t(No symbol) [0x005CD40D]\n\tGetHandleVerifier [0x00AF6453+3711107]\n\tGetHandleVerifier [0x00B3583A+3970154]\n\tGetHandleVerifier [0x00B30B28+3950424]\n\tGetHandleVerifier [0x00829C99+776393]\n\t(No symbol) [0x006F16C4]\n\t(No symbol) [0x006EC5A8]\n\t(No symbol) [0x006EC759]\n\t(No symbol) [0x006DDD80]\n\tBaseThreadInitThunk [0x7632FCC9+25]\n\tRtlGetAppContainerNamedObjectPath [0x770E7B1E+286]\n\tRtlGetAppContainerNamedObjectPath [0x770E7AEE+238]\n\n", "trace": "  File \"C:\\Users\\Anton.S.Malyuga\\PycharmProjects\\Develop\\Hermes\\venv\\Lib\\site-packages\\allure_commons\\_allure.py\", line 192, in impl\n    return func(*a, **kw)\n           ^^^^^^^^^^^^^^\n  File \"C:\\Users\\Anton.S.Malyuga\\PycharmProjects\\Develop\\Hermes\\page_objects\\BasePage.py\", line 46, in find_element\n    return WebDriverWait(self._driver, second).until(\n           ^^^^^^^^^^^^^^^^^^^^^^^^^^^^^^^^^^^^^^^^^^\n  File \"C:\\Users\\Anton.S.Malyuga\\PycharmProjects\\Develop\\Hermes\\venv\\Lib\\site-packages\\selenium\\webdriver\\support\\wait.py\", line 101, in until\n    raise TimeoutException(message, screen, stacktrace)\n"}, "parameters": [{"name": "locator", "value": "('css selector', '#customerId ~ div .suggest--option')"}, {"name": "second", "value": "20"}], "start": 1709276585639, "stop": 1709276607817}], "parameters": [{"name": "locator", "value": "('css selector', '#customerId')"}, {"name": "value", "value": "'111111111111'"}], "start": 1709276580535, "stop": 1709276607819}], "parameters": [{"name": "value", "value": "'111111111111'"}], "start": 1709276580534, "stop": 1709276607820}], "start": 1709276537935, "stop": 1709276607823, "uuid": "edc54b76-c4dc-498c-853a-b07af7807bda", "historyId": "7b17ce76f0a8afccd9146fde65de5afe", "testCaseId": "7b17ce76f0a8afccd9146fde65de5afe", "fullName": "tests.end2end.test_end_2_end_project_b2c#test_end_2_end_project_b2c", "labels": [{"name": "feature", "value": "Форма создания строительного проекта B2C"}, {"name": "parentSuite", "value": "tests.end2end"}, {"name": "suite", "value": "test_end_2_end_project_b2c"}, {"name": "host", "value": "WGD02RTI2189"}, {"name": "thread", "value": "26588-MainThread"}, {"name": "framework", "value": "pytest"}, {"name": "language", "value": "cpython3"}, {"name": "package", "value": "tests.end2end.test_end_2_end_project_b2c"}]}